======================================================================
Hoffman et al. (2016) Topological Mapping Validation
======================================================================

Integration windows: [0.0, 240.0, 480.0] seconds
Simulation duration: 600.0 seconds (10.0 minutes)
Number of place cells: 65
Place-field sigma: 0.1
Coactivity threshold: 9.0
Max edge distance: 0.105
Obstacle environment: Yes
  Number of obstacles: 1
  Layout: random
  Obstacle radius: 0.15
  Expected b₁: 1 (one hole per obstacle)
Placement mode: obstacle_ring
  Ring fraction: 0.55, offset: 0.035, jitter: 0.010
Trajectory mode: random

  Running with ϖ=Nones... done
  Running with ϖ=240.0s... done
  Running with ϖ=480.0s... done

======================================================================
Summary Statistics
======================================================================

   ϖ (s) |  Final Edges |   Final b₀ |   Final b₁ |  T_min (min)
----------------------------------------------------------------------
    None |          132 |         13 |          0 |         0.50
     240 |          132 |         13 |          0 |         4.50
     480 |          132 |         13 |          0 |         8.50

======================================================================
Generating plots...
======================================================================

Saved figure to: results/sweeps/20251120-204741_extreme_compact_v1/figure.png

======================================================================
Validation complete!
======================================================================

Key findings from paper:
  1. Longer integration windows (ϖ) should reduce spurious loops (b₁)
  2. Integration windows should reduce fragmentation (b₀ → 1 faster)
  3. Learning time T_min may increase slightly with ϖ, but maps are more stable

