======================================================================
Hoffman et al. (2016) Topological Mapping Validation
======================================================================

Integration windows: [0.0, 360.0, 720.0, 1080.0] seconds
Simulation duration: 1500.0 seconds (25.0 minutes)
Number of place cells: 86
Place-field sigma: 0.1175
Coactivity threshold: 6.25
Max edge distance: 0.125
Obstacle environment: Yes
  Number of obstacles: 1
  Layout: random
  Obstacle radius: 0.16
  Expected b₁: 1 (one hole per obstacle)
Placement mode: ring_spokes
  Ring fraction: 0.30, spokes: 0.30 (num-spokes=6), ring offset: 0.024, ring jitter: 0.010, spoke ext: 0.142, spoke jitter: 0.010
Trajectory mode: random

  Running with ϖ=Nones... done
  Running with ϖ=360.0s... done
  Running with ϖ=720.0s... done
  Running with ϖ=1080.0s... done

======================================================================
Summary Statistics
======================================================================

   ϖ (s) |  Final Edges |   Final b₀ |   Final b₁ |  T_min (min)
----------------------------------------------------------------------
    None |          296 |         11 |          0 |         1.25
     360 |          296 |         11 |          0 |         6.25
     720 |          296 |         11 |          0 |        12.50
    1080 |          296 |         11 |          0 |        18.75

======================================================================
Generating plots...
======================================================================

Saved figure to: results/sweeps/20251120-211404_promising_range_3/figure.png

======================================================================
Validation complete!
======================================================================

Key findings from paper:
  1. Longer integration windows (ϖ) should reduce spurious loops (b₁)
  2. Integration windows should reduce fragmentation (b₀ → 1 faster)
  3. Learning time T_min may increase slightly with ϖ, but maps are more stable

