======================================================================
Hoffman et al. (2016) Topological Mapping Validation
======================================================================

Integration windows: [0.0, 210.0, 420.0] seconds
Simulation duration: 1050.0 seconds (17.5 minutes)
Number of place cells: 88
Place-field sigma: 0.121
Coactivity threshold: 5.75
Max edge distance: 0.132
Obstacle environment: Yes
  Number of obstacles: 1
  Layout: random
  Obstacle radius: 0.15
  Expected b₁: 1 (one hole per obstacle)
Placement mode: obstacle_ring
  Ring fraction: 0.38, offset: 0.023, jitter: 0.010
Trajectory mode: random

  Running with ϖ=Nones... done
  Running with ϖ=210.0s... done
  Running with ϖ=420.0s... done

======================================================================
Summary Statistics
======================================================================

   ϖ (s) |  Final Edges |   Final b₀ |   Final b₁ |  T_min (min)
----------------------------------------------------------------------
    None |          264 |          9 |          0 |         0.88
     210 |          264 |          9 |          0 |         4.38
     420 |          264 |          9 |          0 |         7.88

======================================================================
Generating plots...
======================================================================

Saved figure to: results/sweeps/20251120-204746_balanced_long_v1/figure.png

======================================================================
Validation complete!
======================================================================

Key findings from paper:
  1. Longer integration windows (ϖ) should reduce spurious loops (b₁)
  2. Integration windows should reduce fragmentation (b₀ → 1 faster)
  3. Learning time T_min may increase slightly with ϖ, but maps are more stable

