-- The C compiler identification is GNU 11.4.0
-- The CXX compiler identification is GNU 11.4.0
-- Detecting C compiler ABI info
-- Detecting C compiler ABI info - done
-- Check for working C compiler: /usr/bin/cc - skipped
-- Detecting C compile features
-- Detecting C compile features - done
-- Detecting CXX compiler ABI info
-- Detecting CXX compiler ABI info - done
-- Check for working CXX compiler: /usr/bin/c++ - skipped
-- Detecting CXX compile features
-- Detecting CXX compile features - done
-- Found ament_cmake: 1.3.12 (/opt/ros/humble/share/ament_cmake/cmake)
-- Found Python3: /usr/bin/python3 (found version "3.10.12") found components: Interpreter 
-- Found geometry_msgs: 4.9.0 (/opt/ros/humble/share/geometry_msgs/cmake)
-- Found rosidl_generator_c: 3.1.7 (/opt/ros/humble/share/rosidl_generator_c/cmake)
-- Found rosidl_adapter: 3.1.7 (/opt/ros/humble/share/rosidl_adapter/cmake)
-- Found rosidl_generator_cpp: 3.1.7 (/opt/ros/humble/share/rosidl_generator_cpp/cmake)
-- Using all available rosidl_typesupport_c: rosidl_typesupport_fastrtps_c;rosidl_typesupport_introspection_c
-- Using all available rosidl_typesupport_cpp: rosidl_typesupport_fastrtps_cpp;rosidl_typesupport_introspection_cpp
-- Found rosidl_default_generators: 1.2.0 (/opt/ros/humble/share/rosidl_default_generators/cmake)
-- Found ament_cmake_ros: 0.10.0 (/opt/ros/humble/share/ament_cmake_ros/cmake)
-- Using all available rosidl_typesupport_c: rosidl_typesupport_fastrtps_c;rosidl_typesupport_introspection_c
-- Using all available rosidl_typesupport_cpp: rosidl_typesupport_fastrtps_cpp;rosidl_typesupport_introspection_cpp
-- Found PythonInterp: /usr/bin/python3 (found suitable version "3.10.12", minimum required is "3.6") 
-- Found python_cmake_module: 0.10.0 (/opt/ros/humble/share/python_cmake_module/cmake)
-- Found PythonLibs: /usr/lib/x86_64-linux-gnu/libpython3.10.so (found suitable version "3.10.12", minimum required is "3.5") 
-- Using PYTHON_EXECUTABLE: /usr/bin/python3
-- Using PYTHON_INCLUDE_DIRS: /usr/include/python3.10
-- Using PYTHON_LIBRARIES: /usr/lib/x86_64-linux-gnu/libpython3.10.so
-- Found PythonExtra: .so  
-- Found ament_lint_auto: 0.12.14 (/opt/ros/humble/share/ament_lint_auto/cmake)
-- Added test 'copyright' to check source files copyright and LICENSE
-- Added test 'lint_cmake' to check CMake code style
-- Added test 'xmllint' to check XML markup files
-- Configuring done
-- Generating done
-- Build files have been written to: /home/ros/ros2_ws/build/hippocampus_ros2_msgs
[  1%] Generating C code for ROS interfaces
[  2%] Generating C++ code for ROS interfaces
[  2%] Built target ament_cmake_python_copy_hippocampus_ros2_msgs
running egg_info
creating hippocampus_ros2_msgs.egg-info
writing hippocampus_ros2_msgs.egg-info/PKG-INFO
writing dependency_links to hippocampus_ros2_msgs.egg-info/dependency_links.txt
writing top-level names to hippocampus_ros2_msgs.egg-info/top_level.txt
writing manifest file 'hippocampus_ros2_msgs.egg-info/SOURCES.txt'
reading manifest file 'hippocampus_ros2_msgs.egg-info/SOURCES.txt'
writing manifest file 'hippocampus_ros2_msgs.egg-info/SOURCES.txt'
[  2%] Built target ament_cmake_python_build_hippocampus_ros2_msgs_egg
[  5%] Built target hippocampus_ros2_msgs__cpp
[  5%] Building C object CMakeFiles/hippocampus_ros2_msgs__rosidl_generator_c.dir/rosidl_generator_c/hippocampus_ros2_msgs/msg/detail/policy_decision__functions.c.o
[  7%] Building C object CMakeFiles/hippocampus_ros2_msgs__rosidl_generator_c.dir/rosidl_generator_c/hippocampus_ros2_msgs/msg/detail/graph_edge__functions.c.o
[  7%] Building C object CMakeFiles/hippocampus_ros2_msgs__rosidl_generator_c.dir/rosidl_generator_c/hippocampus_ros2_msgs/msg/detail/policy_status__functions.c.o
[ 11%] Building C object CMakeFiles/hippocampus_ros2_msgs__rosidl_generator_c.dir/rosidl_generator_c/hippocampus_ros2_msgs/msg/detail/graph_snapshot__functions.c.o
[ 11%] Building C object CMakeFiles/hippocampus_ros2_msgs__rosidl_generator_c.dir/rosidl_generator_c/hippocampus_ros2_msgs/msg/detail/graph_node__functions.c.o
[ 11%] Building C object CMakeFiles/hippocampus_ros2_msgs__rosidl_generator_c.dir/rosidl_generator_c/hippocampus_ros2_msgs/msg/detail/mission_goal__functions.c.o
[ 12%] Generating C++ type support for eProsima Fast-RTPS
[ 14%] Generating C++ type support dispatch for ROS interfaces
[ 15%] Linking C shared library libhippocampus_ros2_msgs__rosidl_generator_c.so
[ 16%] Generating C++ introspection for ROS interfaces
[ 16%] Built target hippocampus_ros2_msgs__rosidl_generator_c
[ 21%] Generating C type support dispatch for ROS interfaces
[ 21%] Generating C type support for eProsima Fast-RTPS
[ 21%] Generating C introspection for ROS interfaces
[ 22%] Building CXX object CMakeFiles/hippocampus_ros2_msgs__rosidl_typesupport_cpp.dir/rosidl_typesupport_cpp/hippocampus_ros2_msgs/msg/policy_decision__type_support.cpp.o
[ 23%] Building CXX object CMakeFiles/hippocampus_ros2_msgs__rosidl_typesupport_cpp.dir/rosidl_typesupport_cpp/hippocampus_ros2_msgs/msg/policy_status__type_support.cpp.o
[ 25%] Building CXX object CMakeFiles/hippocampus_ros2_msgs__rosidl_typesupport_cpp.dir/rosidl_typesupport_cpp/hippocampus_ros2_msgs/msg/mission_goal__type_support.cpp.o
[ 26%] Building CXX object CMakeFiles/hippocampus_ros2_msgs__rosidl_typesupport_fastrtps_cpp.dir/rosidl_typesupport_fastrtps_cpp/hippocampus_ros2_msgs/msg/detail/dds_fastrtps/policy_decision__type_support.cpp.o
[ 28%] Building CXX object CMakeFiles/hippocampus_ros2_msgs__rosidl_typesupport_introspection_cpp.dir/rosidl_typesupport_introspection_cpp/hippocampus_ros2_msgs/msg/detail/policy_decision__type_support.cpp.o
[ 29%] Building CXX object CMakeFiles/hippocampus_ros2_msgs__rosidl_typesupport_c.dir/rosidl_typesupport_c/hippocampus_ros2_msgs/msg/policy_decision__type_support.cpp.o
[ 30%] Building CXX object CMakeFiles/hippocampus_ros2_msgs__rosidl_typesupport_cpp.dir/rosidl_typesupport_cpp/hippocampus_ros2_msgs/msg/graph_node__type_support.cpp.o
[ 32%] Building CXX object CMakeFiles/hippocampus_ros2_msgs__rosidl_typesupport_cpp.dir/rosidl_typesupport_cpp/hippocampus_ros2_msgs/msg/graph_snapshot__type_support.cpp.o
[ 33%] Building CXX object CMakeFiles/hippocampus_ros2_msgs__rosidl_typesupport_cpp.dir/rosidl_typesupport_cpp/hippocampus_ros2_msgs/msg/graph_edge__type_support.cpp.o
[ 36%] Building CXX object CMakeFiles/hippocampus_ros2_msgs__rosidl_typesupport_c.dir/rosidl_typesupport_c/hippocampus_ros2_msgs/msg/policy_status__type_support.cpp.o
[ 36%] Building C object CMakeFiles/hippocampus_ros2_msgs__rosidl_typesupport_introspection_c.dir/rosidl_typesupport_introspection_c/hippocampus_ros2_msgs/msg/detail/policy_decision__type_support.c.o
[ 38%] Building CXX object CMakeFiles/hippocampus_ros2_msgs__rosidl_typesupport_fastrtps_cpp.dir/rosidl_typesupport_fastrtps_cpp/hippocampus_ros2_msgs/msg/detail/dds_fastrtps/policy_status__type_support.cpp.o
[ 39%] Building CXX object CMakeFiles/hippocampus_ros2_msgs__rosidl_typesupport_fastrtps_c.dir/rosidl_typesupport_fastrtps_c/hippocampus_ros2_msgs/msg/detail/policy_decision__type_support_c.cpp.o
[ 40%] Building CXX object CMakeFiles/hippocampus_ros2_msgs__rosidl_typesupport_c.dir/rosidl_typesupport_c/hippocampus_ros2_msgs/msg/mission_goal__type_support.cpp.o
[ 42%] Building C object CMakeFiles/hippocampus_ros2_msgs__rosidl_typesupport_introspection_c.dir/rosidl_typesupport_introspection_c/hippocampus_ros2_msgs/msg/detail/policy_status__type_support.c.o
[ 43%] Building CXX object CMakeFiles/hippocampus_ros2_msgs__rosidl_typesupport_c.dir/rosidl_typesupport_c/hippocampus_ros2_msgs/msg/graph_node__type_support.cpp.o
[ 45%] Building CXX object CMakeFiles/hippocampus_ros2_msgs__rosidl_typesupport_c.dir/rosidl_typesupport_c/hippocampus_ros2_msgs/msg/graph_edge__type_support.cpp.o
[ 46%] Linking CXX shared library libhippocampus_ros2_msgs__rosidl_typesupport_cpp.so
[ 47%] Building CXX object CMakeFiles/hippocampus_ros2_msgs__rosidl_typesupport_introspection_cpp.dir/rosidl_typesupport_introspection_cpp/hippocampus_ros2_msgs/msg/detail/policy_status__type_support.cpp.o
[ 49%] Building C object CMakeFiles/hippocampus_ros2_msgs__rosidl_typesupport_introspection_c.dir/rosidl_typesupport_introspection_c/hippocampus_ros2_msgs/msg/detail/mission_goal__type_support.c.o
[ 52%] Building CXX object CMakeFiles/hippocampus_ros2_msgs__rosidl_typesupport_fastrtps_c.dir/rosidl_typesupport_fastrtps_c/hippocampus_ros2_msgs/msg/detail/policy_status__type_support_c.cpp.o
[ 52%] Building CXX object CMakeFiles/hippocampus_ros2_msgs__rosidl_typesupport_introspection_cpp.dir/rosidl_typesupport_introspection_cpp/hippocampus_ros2_msgs/msg/detail/mission_goal__type_support.cpp.o
[ 53%] Building CXX object CMakeFiles/hippocampus_ros2_msgs__rosidl_typesupport_c.dir/rosidl_typesupport_c/hippocampus_ros2_msgs/msg/graph_snapshot__type_support.cpp.o
[ 53%] Built target hippocampus_ros2_msgs__rosidl_typesupport_cpp
[ 54%] Building CXX object CMakeFiles/hippocampus_ros2_msgs__rosidl_typesupport_introspection_cpp.dir/rosidl_typesupport_introspection_cpp/hippocampus_ros2_msgs/msg/detail/graph_node__type_support.cpp.o
[ 56%] Building CXX object CMakeFiles/hippocampus_ros2_msgs__rosidl_typesupport_fastrtps_c.dir/rosidl_typesupport_fastrtps_c/hippocampus_ros2_msgs/msg/detail/mission_goal__type_support_c.cpp.o
[ 57%] Building CXX object CMakeFiles/hippocampus_ros2_msgs__rosidl_typesupport_fastrtps_cpp.dir/rosidl_typesupport_fastrtps_cpp/hippocampus_ros2_msgs/msg/detail/dds_fastrtps/mission_goal__type_support.cpp.o
[ 59%] Building C object CMakeFiles/hippocampus_ros2_msgs__rosidl_typesupport_introspection_c.dir/rosidl_typesupport_introspection_c/hippocampus_ros2_msgs/msg/detail/graph_node__type_support.c.o
[ 60%] Linking CXX shared library libhippocampus_ros2_msgs__rosidl_typesupport_c.so
[ 61%] Building CXX object CMakeFiles/hippocampus_ros2_msgs__rosidl_typesupport_introspection_cpp.dir/rosidl_typesupport_introspection_cpp/hippocampus_ros2_msgs/msg/detail/graph_edge__type_support.cpp.o
[ 63%] Building C object CMakeFiles/hippocampus_ros2_msgs__rosidl_typesupport_introspection_c.dir/rosidl_typesupport_introspection_c/hippocampus_ros2_msgs/msg/detail/graph_edge__type_support.c.o
[ 63%] Built target hippocampus_ros2_msgs__rosidl_typesupport_c
[ 66%] Building CXX object CMakeFiles/hippocampus_ros2_msgs__rosidl_typesupport_fastrtps_c.dir/rosidl_typesupport_fastrtps_c/hippocampus_ros2_msgs/msg/detail/graph_node__type_support_c.cpp.o
[ 66%] Building CXX object CMakeFiles/hippocampus_ros2_msgs__rosidl_typesupport_introspection_cpp.dir/rosidl_typesupport_introspection_cpp/hippocampus_ros2_msgs/msg/detail/graph_snapshot__type_support.cpp.o
[ 67%] Building C object CMakeFiles/hippocampus_ros2_msgs__rosidl_typesupport_introspection_c.dir/rosidl_typesupport_introspection_c/hippocampus_ros2_msgs/msg/detail/graph_snapshot__type_support.c.o
[ 69%] Building CXX object CMakeFiles/hippocampus_ros2_msgs__rosidl_typesupport_fastrtps_cpp.dir/rosidl_typesupport_fastrtps_cpp/hippocampus_ros2_msgs/msg/detail/dds_fastrtps/graph_node__type_support.cpp.o
[ 70%] Building CXX object CMakeFiles/hippocampus_ros2_msgs__rosidl_typesupport_fastrtps_cpp.dir/rosidl_typesupport_fastrtps_cpp/hippocampus_ros2_msgs/msg/detail/dds_fastrtps/graph_edge__type_support.cpp.o
[ 71%] Building CXX object CMakeFiles/hippocampus_ros2_msgs__rosidl_typesupport_fastrtps_c.dir/rosidl_typesupport_fastrtps_c/hippocampus_ros2_msgs/msg/detail/graph_edge__type_support_c.cpp.o
[ 73%] Building CXX object CMakeFiles/hippocampus_ros2_msgs__rosidl_typesupport_fastrtps_cpp.dir/rosidl_typesupport_fastrtps_cpp/hippocampus_ros2_msgs/msg/detail/dds_fastrtps/graph_snapshot__type_support.cpp.o
[ 74%] Linking C shared library libhippocampus_ros2_msgs__rosidl_typesupport_introspection_c.so
[ 76%] Building CXX object CMakeFiles/hippocampus_ros2_msgs__rosidl_typesupport_fastrtps_c.dir/rosidl_typesupport_fastrtps_c/hippocampus_ros2_msgs/msg/detail/graph_snapshot__type_support_c.cpp.o
[ 76%] Built target hippocampus_ros2_msgs__rosidl_typesupport_introspection_c
[ 77%] Linking CXX shared library libhippocampus_ros2_msgs__rosidl_typesupport_introspection_cpp.so
[ 77%] Built target hippocampus_ros2_msgs__rosidl_typesupport_introspection_cpp
[ 78%] Linking CXX shared library libhippocampus_ros2_msgs__rosidl_typesupport_fastrtps_cpp.so
[ 80%] Linking CXX shared library libhippocampus_ros2_msgs__rosidl_typesupport_fastrtps_c.so
[ 80%] Built target hippocampus_ros2_msgs__rosidl_typesupport_fastrtps_cpp
[ 80%] Built target hippocampus_ros2_msgs__rosidl_typesupport_fastrtps_c
[ 80%] Built target hippocampus_ros2_msgs
[ 81%] Generating Python code for ROS interfaces
[ 81%] Built target hippocampus_ros2_msgs__py
[ 83%] Building C object CMakeFiles/hippocampus_ros2_msgs__rosidl_generator_py.dir/rosidl_generator_py/hippocampus_ros2_msgs/msg/_policy_decision_s.c.o
[ 85%] Building C object CMakeFiles/hippocampus_ros2_msgs__rosidl_generator_py.dir/rosidl_generator_py/hippocampus_ros2_msgs/msg/_mission_goal_s.c.o
[ 85%] Building C object CMakeFiles/hippocampus_ros2_msgs__rosidl_generator_py.dir/rosidl_generator_py/hippocampus_ros2_msgs/msg/_graph_edge_s.c.o
[ 87%] Building C object CMakeFiles/hippocampus_ros2_msgs__rosidl_generator_py.dir/rosidl_generator_py/hippocampus_ros2_msgs/msg/_policy_status_s.c.o
[ 88%] Building C object CMakeFiles/hippocampus_ros2_msgs__rosidl_generator_py.dir/rosidl_generator_py/hippocampus_ros2_msgs/msg/_graph_snapshot_s.c.o
[ 90%] Building C object CMakeFiles/hippocampus_ros2_msgs__rosidl_generator_py.dir/rosidl_generator_py/hippocampus_ros2_msgs/msg/_graph_node_s.c.o
[ 91%] Linking C shared library rosidl_generator_py/hippocampus_ros2_msgs/libhippocampus_ros2_msgs__rosidl_generator_py.so
[ 91%] Built target hippocampus_ros2_msgs__rosidl_generator_py
[ 95%] Building C object CMakeFiles/hippocampus_ros2_msgs__rosidl_typesupport_introspection_c__pyext.dir/rosidl_generator_py/hippocampus_ros2_msgs/_hippocampus_ros2_msgs_s.ep.rosidl_typesupport_introspection_c.c.o
[ 95%] Building C object CMakeFiles/hippocampus_ros2_msgs__rosidl_typesupport_fastrtps_c__pyext.dir/rosidl_generator_py/hippocampus_ros2_msgs/_hippocampus_ros2_msgs_s.ep.rosidl_typesupport_fastrtps_c.c.o
[ 95%] Building C object CMakeFiles/hippocampus_ros2_msgs__rosidl_typesupport_c__pyext.dir/rosidl_generator_py/hippocampus_ros2_msgs/_hippocampus_ros2_msgs_s.ep.rosidl_typesupport_c.c.o
[ 97%] Linking C shared library rosidl_generator_py/hippocampus_ros2_msgs/hippocampus_ros2_msgs_s__rosidl_typesupport_c.cpython-310-x86_64-linux-gnu.so
[ 98%] Linking C shared library rosidl_generator_py/hippocampus_ros2_msgs/hippocampus_ros2_msgs_s__rosidl_typesupport_fastrtps_c.cpython-310-x86_64-linux-gnu.so
[100%] Linking C shared library rosidl_generator_py/hippocampus_ros2_msgs/hippocampus_ros2_msgs_s__rosidl_typesupport_introspection_c.cpython-310-x86_64-linux-gnu.so
[100%] Built target hippocampus_ros2_msgs__rosidl_typesupport_c__pyext
[100%] Built target hippocampus_ros2_msgs__rosidl_typesupport_fastrtps_c__pyext
[100%] Built target hippocampus_ros2_msgs__rosidl_typesupport_introspection_c__pyext
-- Install configuration: ""
-- Installing: /home/ros/ros2_ws/install/hippocampus_ros2_msgs/share/ament_index/resource_index/rosidl_interfaces/hippocampus_ros2_msgs
-- Installing: /home/ros/ros2_ws/install/hippocampus_ros2_msgs/include/hippocampus_ros2_msgs/hippocampus_ros2_msgs
-- Installing: /home/ros/ros2_ws/install/hippocampus_ros2_msgs/include/hippocampus_ros2_msgs/hippocampus_ros2_msgs/msg
-- Installing: /home/ros/ros2_ws/install/hippocampus_ros2_msgs/include/hippocampus_ros2_msgs/hippocampus_ros2_msgs/msg/rosidl_generator_c__visibility_control.h
-- Installing: /home/ros/ros2_ws/install/hippocampus_ros2_msgs/include/hippocampus_ros2_msgs/hippocampus_ros2_msgs/msg/graph_edge.h
-- Installing: /home/ros/ros2_ws/install/hippocampus_ros2_msgs/include/hippocampus_ros2_msgs/hippocampus_ros2_msgs/msg/policy_decision.h
-- Installing: /home/ros/ros2_ws/install/hippocampus_ros2_msgs/include/hippocampus_ros2_msgs/hippocampus_ros2_msgs/msg/policy_status.h
-- Installing: /home/ros/ros2_ws/install/hippocampus_ros2_msgs/include/hippocampus_ros2_msgs/hippocampus_ros2_msgs/msg/graph_node.h
-- Installing: /home/ros/ros2_ws/install/hippocampus_ros2_msgs/include/hippocampus_ros2_msgs/hippocampus_ros2_msgs/msg/mission_goal.h
-- Installing: /home/ros/ros2_ws/install/hippocampus_ros2_msgs/include/hippocampus_ros2_msgs/hippocampus_ros2_msgs/msg/detail
-- Installing: /home/ros/ros2_ws/install/hippocampus_ros2_msgs/include/hippocampus_ros2_msgs/hippocampus_ros2_msgs/msg/detail/graph_edge__struct.h
-- Installing: /home/ros/ros2_ws/install/hippocampus_ros2_msgs/include/hippocampus_ros2_msgs/hippocampus_ros2_msgs/msg/detail/graph_edge__functions.h
-- Installing: /home/ros/ros2_ws/install/hippocampus_ros2_msgs/include/hippocampus_ros2_msgs/hippocampus_ros2_msgs/msg/detail/mission_goal__type_support.h
-- Installing: /home/ros/ros2_ws/install/hippocampus_ros2_msgs/include/hippocampus_ros2_msgs/hippocampus_ros2_msgs/msg/detail/graph_snapshot__struct.h
-- Installing: /home/ros/ros2_ws/install/hippocampus_ros2_msgs/include/hippocampus_ros2_msgs/hippocampus_ros2_msgs/msg/detail/mission_goal__struct.h
-- Installing: /home/ros/ros2_ws/install/hippocampus_ros2_msgs/include/hippocampus_ros2_msgs/hippocampus_ros2_msgs/msg/detail/mission_goal__functions.c
-- Installing: /home/ros/ros2_ws/install/hippocampus_ros2_msgs/include/hippocampus_ros2_msgs/hippocampus_ros2_msgs/msg/detail/policy_decision__functions.c
-- Installing: /home/ros/ros2_ws/install/hippocampus_ros2_msgs/include/hippocampus_ros2_msgs/hippocampus_ros2_msgs/msg/detail/policy_status__struct.h
-- Installing: /home/ros/ros2_ws/install/hippocampus_ros2_msgs/include/hippocampus_ros2_msgs/hippocampus_ros2_msgs/msg/detail/policy_status__functions.c
-- Installing: /home/ros/ros2_ws/install/hippocampus_ros2_msgs/include/hippocampus_ros2_msgs/hippocampus_ros2_msgs/msg/detail/graph_snapshot__functions.h
-- Installing: /home/ros/ros2_ws/install/hippocampus_ros2_msgs/include/hippocampus_ros2_msgs/hippocampus_ros2_msgs/msg/detail/graph_node__functions.c
-- Installing: /home/ros/ros2_ws/install/hippocampus_ros2_msgs/include/hippocampus_ros2_msgs/hippocampus_ros2_msgs/msg/detail/graph_edge__type_support.h
-- Installing: /home/ros/ros2_ws/install/hippocampus_ros2_msgs/include/hippocampus_ros2_msgs/hippocampus_ros2_msgs/msg/detail/graph_node__struct.h
-- Installing: /home/ros/ros2_ws/install/hippocampus_ros2_msgs/include/hippocampus_ros2_msgs/hippocampus_ros2_msgs/msg/detail/policy_status__type_support.h
-- Installing: /home/ros/ros2_ws/install/hippocampus_ros2_msgs/include/hippocampus_ros2_msgs/hippocampus_ros2_msgs/msg/detail/graph_node__type_support.h
-- Installing: /home/ros/ros2_ws/install/hippocampus_ros2_msgs/include/hippocampus_ros2_msgs/hippocampus_ros2_msgs/msg/detail/policy_decision__struct.h
-- Installing: /home/ros/ros2_ws/install/hippocampus_ros2_msgs/include/hippocampus_ros2_msgs/hippocampus_ros2_msgs/msg/detail/graph_edge__functions.c
-- Installing: /home/ros/ros2_ws/install/hippocampus_ros2_msgs/include/hippocampus_ros2_msgs/hippocampus_ros2_msgs/msg/detail/mission_goal__functions.h
-- Installing: /home/ros/ros2_ws/install/hippocampus_ros2_msgs/include/hippocampus_ros2_msgs/hippocampus_ros2_msgs/msg/detail/graph_snapshot__type_support.h
-- Installing: /home/ros/ros2_ws/install/hippocampus_ros2_msgs/include/hippocampus_ros2_msgs/hippocampus_ros2_msgs/msg/detail/policy_decision__type_support.h
-- Installing: /home/ros/ros2_ws/install/hippocampus_ros2_msgs/include/hippocampus_ros2_msgs/hippocampus_ros2_msgs/msg/detail/policy_status__functions.h
-- Installing: /home/ros/ros2_ws/install/hippocampus_ros2_msgs/include/hippocampus_ros2_msgs/hippocampus_ros2_msgs/msg/detail/policy_decision__functions.h
-- Installing: /home/ros/ros2_ws/install/hippocampus_ros2_msgs/include/hippocampus_ros2_msgs/hippocampus_ros2_msgs/msg/detail/graph_node__functions.h
-- Installing: /home/ros/ros2_ws/install/hippocampus_ros2_msgs/include/hippocampus_ros2_msgs/hippocampus_ros2_msgs/msg/detail/graph_snapshot__functions.c
-- Installing: /home/ros/ros2_ws/install/hippocampus_ros2_msgs/include/hippocampus_ros2_msgs/hippocampus_ros2_msgs/msg/graph_snapshot.h
-- Installing: /home/ros/ros2_ws/install/hippocampus_ros2_msgs/share/hippocampus_ros2_msgs/environment/library_path.sh
-- Installing: /home/ros/ros2_ws/install/hippocampus_ros2_msgs/share/hippocampus_ros2_msgs/environment/library_path.dsv
-- Installing: /home/ros/ros2_ws/install/hippocampus_ros2_msgs/lib/libhippocampus_ros2_msgs__rosidl_generator_c.so
-- Set runtime path of "/home/ros/ros2_ws/install/hippocampus_ros2_msgs/lib/libhippocampus_ros2_msgs__rosidl_generator_c.so" to ""
-- Up-to-date: /home/ros/ros2_ws/install/hippocampus_ros2_msgs/include/hippocampus_ros2_msgs/hippocampus_ros2_msgs
-- Up-to-date: /home/ros/ros2_ws/install/hippocampus_ros2_msgs/include/hippocampus_ros2_msgs/hippocampus_ros2_msgs/msg
-- Up-to-date: /home/ros/ros2_ws/install/hippocampus_ros2_msgs/include/hippocampus_ros2_msgs/hippocampus_ros2_msgs/msg/detail
-- Installing: /home/ros/ros2_ws/install/hippocampus_ros2_msgs/include/hippocampus_ros2_msgs/hippocampus_ros2_msgs/msg/detail/graph_edge__rosidl_typesupport_fastrtps_c.h
-- Installing: /home/ros/ros2_ws/install/hippocampus_ros2_msgs/include/hippocampus_ros2_msgs/hippocampus_ros2_msgs/msg/detail/policy_decision__rosidl_typesupport_fastrtps_c.h
-- Installing: /home/ros/ros2_ws/install/hippocampus_ros2_msgs/include/hippocampus_ros2_msgs/hippocampus_ros2_msgs/msg/detail/graph_snapshot__rosidl_typesupport_fastrtps_c.h
-- Installing: /home/ros/ros2_ws/install/hippocampus_ros2_msgs/include/hippocampus_ros2_msgs/hippocampus_ros2_msgs/msg/detail/policy_status__rosidl_typesupport_fastrtps_c.h
-- Installing: /home/ros/ros2_ws/install/hippocampus_ros2_msgs/include/hippocampus_ros2_msgs/hippocampus_ros2_msgs/msg/detail/graph_node__rosidl_typesupport_fastrtps_c.h
-- Installing: /home/ros/ros2_ws/install/hippocampus_ros2_msgs/include/hippocampus_ros2_msgs/hippocampus_ros2_msgs/msg/detail/mission_goal__rosidl_typesupport_fastrtps_c.h
-- Installing: /home/ros/ros2_ws/install/hippocampus_ros2_msgs/include/hippocampus_ros2_msgs/hippocampus_ros2_msgs/msg/rosidl_typesupport_fastrtps_c__visibility_control.h
-- Installing: /home/ros/ros2_ws/install/hippocampus_ros2_msgs/lib/libhippocampus_ros2_msgs__rosidl_typesupport_fastrtps_c.so
-- Set runtime path of "/home/ros/ros2_ws/install/hippocampus_ros2_msgs/lib/libhippocampus_ros2_msgs__rosidl_typesupport_fastrtps_c.so" to ""
-- Up-to-date: /home/ros/ros2_ws/install/hippocampus_ros2_msgs/include/hippocampus_ros2_msgs/hippocampus_ros2_msgs
-- Up-to-date: /home/ros/ros2_ws/install/hippocampus_ros2_msgs/include/hippocampus_ros2_msgs/hippocampus_ros2_msgs/msg
-- Installing: /home/ros/ros2_ws/install/hippocampus_ros2_msgs/include/hippocampus_ros2_msgs/hippocampus_ros2_msgs/msg/policy_decision.hpp
-- Installing: /home/ros/ros2_ws/install/hippocampus_ros2_msgs/include/hippocampus_ros2_msgs/hippocampus_ros2_msgs/msg/graph_snapshot.hpp
-- Installing: /home/ros/ros2_ws/install/hippocampus_ros2_msgs/include/hippocampus_ros2_msgs/hippocampus_ros2_msgs/msg/policy_status.hpp
-- Installing: /home/ros/ros2_ws/install/hippocampus_ros2_msgs/include/hippocampus_ros2_msgs/hippocampus_ros2_msgs/msg/graph_node.hpp
-- Up-to-date: /home/ros/ros2_ws/install/hippocampus_ros2_msgs/include/hippocampus_ros2_msgs/hippocampus_ros2_msgs/msg/detail
-- Installing: /home/ros/ros2_ws/install/hippocampus_ros2_msgs/include/hippocampus_ros2_msgs/hippocampus_ros2_msgs/msg/detail/graph_node__traits.hpp
-- Installing: /home/ros/ros2_ws/install/hippocampus_ros2_msgs/include/hippocampus_ros2_msgs/hippocampus_ros2_msgs/msg/detail/graph_node__builder.hpp
-- Installing: /home/ros/ros2_ws/install/hippocampus_ros2_msgs/include/hippocampus_ros2_msgs/hippocampus_ros2_msgs/msg/detail/graph_edge__traits.hpp
-- Installing: /home/ros/ros2_ws/install/hippocampus_ros2_msgs/include/hippocampus_ros2_msgs/hippocampus_ros2_msgs/msg/detail/mission_goal__type_support.hpp
-- Installing: /home/ros/ros2_ws/install/hippocampus_ros2_msgs/include/hippocampus_ros2_msgs/hippocampus_ros2_msgs/msg/detail/policy_decision__builder.hpp
-- Installing: /home/ros/ros2_ws/install/hippocampus_ros2_msgs/include/hippocampus_ros2_msgs/hippocampus_ros2_msgs/msg/detail/policy_decision__struct.hpp
-- Installing: /home/ros/ros2_ws/install/hippocampus_ros2_msgs/include/hippocampus_ros2_msgs/hippocampus_ros2_msgs/msg/detail/policy_decision__type_support.hpp
-- Installing: /home/ros/ros2_ws/install/hippocampus_ros2_msgs/include/hippocampus_ros2_msgs/hippocampus_ros2_msgs/msg/detail/policy_status__builder.hpp
-- Installing: /home/ros/ros2_ws/install/hippocampus_ros2_msgs/include/hippocampus_ros2_msgs/hippocampus_ros2_msgs/msg/detail/graph_snapshot__struct.hpp
-- Installing: /home/ros/ros2_ws/install/hippocampus_ros2_msgs/include/hippocampus_ros2_msgs/hippocampus_ros2_msgs/msg/detail/mission_goal__builder.hpp
-- Installing: /home/ros/ros2_ws/install/hippocampus_ros2_msgs/include/hippocampus_ros2_msgs/hippocampus_ros2_msgs/msg/detail/policy_status__type_support.hpp
-- Installing: /home/ros/ros2_ws/install/hippocampus_ros2_msgs/include/hippocampus_ros2_msgs/hippocampus_ros2_msgs/msg/detail/graph_node__type_support.hpp
-- Installing: /home/ros/ros2_ws/install/hippocampus_ros2_msgs/include/hippocampus_ros2_msgs/hippocampus_ros2_msgs/msg/detail/graph_edge__type_support.hpp
-- Installing: /home/ros/ros2_ws/install/hippocampus_ros2_msgs/include/hippocampus_ros2_msgs/hippocampus_ros2_msgs/msg/detail/policy_status__traits.hpp
-- Installing: /home/ros/ros2_ws/install/hippocampus_ros2_msgs/include/hippocampus_ros2_msgs/hippocampus_ros2_msgs/msg/detail/mission_goal__traits.hpp
-- Installing: /home/ros/ros2_ws/install/hippocampus_ros2_msgs/include/hippocampus_ros2_msgs/hippocampus_ros2_msgs/msg/detail/graph_edge__struct.hpp
-- Installing: /home/ros/ros2_ws/install/hippocampus_ros2_msgs/include/hippocampus_ros2_msgs/hippocampus_ros2_msgs/msg/detail/graph_node__struct.hpp
-- Installing: /home/ros/ros2_ws/install/hippocampus_ros2_msgs/include/hippocampus_ros2_msgs/hippocampus_ros2_msgs/msg/detail/graph_snapshot__builder.hpp
-- Installing: /home/ros/ros2_ws/install/hippocampus_ros2_msgs/include/hippocampus_ros2_msgs/hippocampus_ros2_msgs/msg/detail/policy_decision__traits.hpp
-- Installing: /home/ros/ros2_ws/install/hippocampus_ros2_msgs/include/hippocampus_ros2_msgs/hippocampus_ros2_msgs/msg/detail/graph_snapshot__traits.hpp
-- Installing: /home/ros/ros2_ws/install/hippocampus_ros2_msgs/include/hippocampus_ros2_msgs/hippocampus_ros2_msgs/msg/detail/graph_snapshot__type_support.hpp
-- Installing: /home/ros/ros2_ws/install/hippocampus_ros2_msgs/include/hippocampus_ros2_msgs/hippocampus_ros2_msgs/msg/detail/mission_goal__struct.hpp
-- Installing: /home/ros/ros2_ws/install/hippocampus_ros2_msgs/include/hippocampus_ros2_msgs/hippocampus_ros2_msgs/msg/detail/policy_status__struct.hpp
-- Installing: /home/ros/ros2_ws/install/hippocampus_ros2_msgs/include/hippocampus_ros2_msgs/hippocampus_ros2_msgs/msg/detail/graph_edge__builder.hpp
-- Installing: /home/ros/ros2_ws/install/hippocampus_ros2_msgs/include/hippocampus_ros2_msgs/hippocampus_ros2_msgs/msg/rosidl_generator_cpp__visibility_control.hpp
-- Installing: /home/ros/ros2_ws/install/hippocampus_ros2_msgs/include/hippocampus_ros2_msgs/hippocampus_ros2_msgs/msg/graph_edge.hpp
-- Installing: /home/ros/ros2_ws/install/hippocampus_ros2_msgs/include/hippocampus_ros2_msgs/hippocampus_ros2_msgs/msg/mission_goal.hpp
-- Up-to-date: /home/ros/ros2_ws/install/hippocampus_ros2_msgs/include/hippocampus_ros2_msgs/hippocampus_ros2_msgs
-- Up-to-date: /home/ros/ros2_ws/install/hippocampus_ros2_msgs/include/hippocampus_ros2_msgs/hippocampus_ros2_msgs/msg
-- Installing: /home/ros/ros2_ws/install/hippocampus_ros2_msgs/include/hippocampus_ros2_msgs/hippocampus_ros2_msgs/msg/rosidl_typesupport_fastrtps_cpp__visibility_control.h
-- Up-to-date: /home/ros/ros2_ws/install/hippocampus_ros2_msgs/include/hippocampus_ros2_msgs/hippocampus_ros2_msgs/msg/detail
-- Installing: /home/ros/ros2_ws/install/hippocampus_ros2_msgs/include/hippocampus_ros2_msgs/hippocampus_ros2_msgs/msg/detail/graph_snapshot__rosidl_typesupport_fastrtps_cpp.hpp
-- Installing: /home/ros/ros2_ws/install/hippocampus_ros2_msgs/include/hippocampus_ros2_msgs/hippocampus_ros2_msgs/msg/detail/mission_goal__rosidl_typesupport_fastrtps_cpp.hpp
-- Installing: /home/ros/ros2_ws/install/hippocampus_ros2_msgs/include/hippocampus_ros2_msgs/hippocampus_ros2_msgs/msg/detail/graph_node__rosidl_typesupport_fastrtps_cpp.hpp
-- Installing: /home/ros/ros2_ws/install/hippocampus_ros2_msgs/include/hippocampus_ros2_msgs/hippocampus_ros2_msgs/msg/detail/policy_status__rosidl_typesupport_fastrtps_cpp.hpp
-- Installing: /home/ros/ros2_ws/install/hippocampus_ros2_msgs/include/hippocampus_ros2_msgs/hippocampus_ros2_msgs/msg/detail/policy_decision__rosidl_typesupport_fastrtps_cpp.hpp
-- Installing: /home/ros/ros2_ws/install/hippocampus_ros2_msgs/include/hippocampus_ros2_msgs/hippocampus_ros2_msgs/msg/detail/graph_edge__rosidl_typesupport_fastrtps_cpp.hpp
-- Installing: /home/ros/ros2_ws/install/hippocampus_ros2_msgs/include/hippocampus_ros2_msgs/hippocampus_ros2_msgs/msg/detail/dds_fastrtps
-- Installing: /home/ros/ros2_ws/install/hippocampus_ros2_msgs/lib/libhippocampus_ros2_msgs__rosidl_typesupport_fastrtps_cpp.so
-- Set runtime path of "/home/ros/ros2_ws/install/hippocampus_ros2_msgs/lib/libhippocampus_ros2_msgs__rosidl_typesupport_fastrtps_cpp.so" to ""
-- Up-to-date: /home/ros/ros2_ws/install/hippocampus_ros2_msgs/include/hippocampus_ros2_msgs/hippocampus_ros2_msgs
-- Up-to-date: /home/ros/ros2_ws/install/hippocampus_ros2_msgs/include/hippocampus_ros2_msgs/hippocampus_ros2_msgs/msg
-- Up-to-date: /home/ros/ros2_ws/install/hippocampus_ros2_msgs/include/hippocampus_ros2_msgs/hippocampus_ros2_msgs/msg/detail
-- Installing: /home/ros/ros2_ws/install/hippocampus_ros2_msgs/include/hippocampus_ros2_msgs/hippocampus_ros2_msgs/msg/detail/graph_edge__rosidl_typesupport_introspection_c.h
-- Installing: /home/ros/ros2_ws/install/hippocampus_ros2_msgs/include/hippocampus_ros2_msgs/hippocampus_ros2_msgs/msg/detail/policy_decision__rosidl_typesupport_introspection_c.h
-- Installing: /home/ros/ros2_ws/install/hippocampus_ros2_msgs/include/hippocampus_ros2_msgs/hippocampus_ros2_msgs/msg/detail/policy_status__rosidl_typesupport_introspection_c.h
-- Installing: /home/ros/ros2_ws/install/hippocampus_ros2_msgs/include/hippocampus_ros2_msgs/hippocampus_ros2_msgs/msg/detail/graph_node__rosidl_typesupport_introspection_c.h
-- Installing: /home/ros/ros2_ws/install/hippocampus_ros2_msgs/include/hippocampus_ros2_msgs/hippocampus_ros2_msgs/msg/detail/graph_snapshot__type_support.c
-- Installing: /home/ros/ros2_ws/install/hippocampus_ros2_msgs/include/hippocampus_ros2_msgs/hippocampus_ros2_msgs/msg/detail/policy_decision__type_support.c
-- Installing: /home/ros/ros2_ws/install/hippocampus_ros2_msgs/include/hippocampus_ros2_msgs/hippocampus_ros2_msgs/msg/detail/mission_goal__rosidl_typesupport_introspection_c.h
-- Installing: /home/ros/ros2_ws/install/hippocampus_ros2_msgs/include/hippocampus_ros2_msgs/hippocampus_ros2_msgs/msg/detail/graph_snapshot__rosidl_typesupport_introspection_c.h
-- Installing: /home/ros/ros2_ws/install/hippocampus_ros2_msgs/include/hippocampus_ros2_msgs/hippocampus_ros2_msgs/msg/detail/mission_goal__type_support.c
-- Installing: /home/ros/ros2_ws/install/hippocampus_ros2_msgs/include/hippocampus_ros2_msgs/hippocampus_ros2_msgs/msg/detail/graph_node__type_support.c
-- Installing: /home/ros/ros2_ws/install/hippocampus_ros2_msgs/include/hippocampus_ros2_msgs/hippocampus_ros2_msgs/msg/detail/policy_status__type_support.c
-- Installing: /home/ros/ros2_ws/install/hippocampus_ros2_msgs/include/hippocampus_ros2_msgs/hippocampus_ros2_msgs/msg/detail/graph_edge__type_support.c
-- Installing: /home/ros/ros2_ws/install/hippocampus_ros2_msgs/include/hippocampus_ros2_msgs/hippocampus_ros2_msgs/msg/rosidl_typesupport_introspection_c__visibility_control.h
-- Installing: /home/ros/ros2_ws/install/hippocampus_ros2_msgs/lib/libhippocampus_ros2_msgs__rosidl_typesupport_introspection_c.so
-- Set runtime path of "/home/ros/ros2_ws/install/hippocampus_ros2_msgs/lib/libhippocampus_ros2_msgs__rosidl_typesupport_introspection_c.so" to ""
-- Installing: /home/ros/ros2_ws/install/hippocampus_ros2_msgs/lib/libhippocampus_ros2_msgs__rosidl_typesupport_c.so
-- Set runtime path of "/home/ros/ros2_ws/install/hippocampus_ros2_msgs/lib/libhippocampus_ros2_msgs__rosidl_typesupport_c.so" to ""
-- Up-to-date: /home/ros/ros2_ws/install/hippocampus_ros2_msgs/include/hippocampus_ros2_msgs/hippocampus_ros2_msgs
-- Up-to-date: /home/ros/ros2_ws/install/hippocampus_ros2_msgs/include/hippocampus_ros2_msgs/hippocampus_ros2_msgs/msg
-- Up-to-date: /home/ros/ros2_ws/install/hippocampus_ros2_msgs/include/hippocampus_ros2_msgs/hippocampus_ros2_msgs/msg/detail
-- Installing: /home/ros/ros2_ws/install/hippocampus_ros2_msgs/include/hippocampus_ros2_msgs/hippocampus_ros2_msgs/msg/detail/graph_snapshot__type_support.cpp
-- Installing: /home/ros/ros2_ws/install/hippocampus_ros2_msgs/include/hippocampus_ros2_msgs/hippocampus_ros2_msgs/msg/detail/graph_snapshot__rosidl_typesupport_introspection_cpp.hpp
-- Installing: /home/ros/ros2_ws/install/hippocampus_ros2_msgs/include/hippocampus_ros2_msgs/hippocampus_ros2_msgs/msg/detail/graph_node__rosidl_typesupport_introspection_cpp.hpp
-- Installing: /home/ros/ros2_ws/install/hippocampus_ros2_msgs/include/hippocampus_ros2_msgs/hippocampus_ros2_msgs/msg/detail/graph_edge__rosidl_typesupport_introspection_cpp.hpp
-- Installing: /home/ros/ros2_ws/install/hippocampus_ros2_msgs/include/hippocampus_ros2_msgs/hippocampus_ros2_msgs/msg/detail/policy_status__rosidl_typesupport_introspection_cpp.hpp
-- Installing: /home/ros/ros2_ws/install/hippocampus_ros2_msgs/include/hippocampus_ros2_msgs/hippocampus_ros2_msgs/msg/detail/policy_decision__rosidl_typesupport_introspection_cpp.hpp
-- Installing: /home/ros/ros2_ws/install/hippocampus_ros2_msgs/include/hippocampus_ros2_msgs/hippocampus_ros2_msgs/msg/detail/policy_status__type_support.cpp
-- Installing: /home/ros/ros2_ws/install/hippocampus_ros2_msgs/include/hippocampus_ros2_msgs/hippocampus_ros2_msgs/msg/detail/graph_node__type_support.cpp
-- Installing: /home/ros/ros2_ws/install/hippocampus_ros2_msgs/include/hippocampus_ros2_msgs/hippocampus_ros2_msgs/msg/detail/graph_edge__type_support.cpp
-- Installing: /home/ros/ros2_ws/install/hippocampus_ros2_msgs/include/hippocampus_ros2_msgs/hippocampus_ros2_msgs/msg/detail/mission_goal__rosidl_typesupport_introspection_cpp.hpp
-- Installing: /home/ros/ros2_ws/install/hippocampus_ros2_msgs/include/hippocampus_ros2_msgs/hippocampus_ros2_msgs/msg/detail/mission_goal__type_support.cpp
-- Installing: /home/ros/ros2_ws/install/hippocampus_ros2_msgs/include/hippocampus_ros2_msgs/hippocampus_ros2_msgs/msg/detail/policy_decision__type_support.cpp
-- Installing: /home/ros/ros2_ws/install/hippocampus_ros2_msgs/lib/libhippocampus_ros2_msgs__rosidl_typesupport_introspection_cpp.so
-- Set runtime path of "/home/ros/ros2_ws/install/hippocampus_ros2_msgs/lib/libhippocampus_ros2_msgs__rosidl_typesupport_introspection_cpp.so" to ""
-- Installing: /home/ros/ros2_ws/install/hippocampus_ros2_msgs/lib/libhippocampus_ros2_msgs__rosidl_typesupport_cpp.so
-- Set runtime path of "/home/ros/ros2_ws/install/hippocampus_ros2_msgs/lib/libhippocampus_ros2_msgs__rosidl_typesupport_cpp.so" to ""
-- Installing: /home/ros/ros2_ws/install/hippocampus_ros2_msgs/share/hippocampus_ros2_msgs/environment/pythonpath.sh
-- Installing: /home/ros/ros2_ws/install/hippocampus_ros2_msgs/share/hippocampus_ros2_msgs/environment/pythonpath.dsv
-- Installing: /home/ros/ros2_ws/install/hippocampus_ros2_msgs/local/lib/python3.10/dist-packages/hippocampus_ros2_msgs-0.1.0-py3.10.egg-info
-- Installing: /home/ros/ros2_ws/install/hippocampus_ros2_msgs/local/lib/python3.10/dist-packages/hippocampus_ros2_msgs-0.1.0-py3.10.egg-info/PKG-INFO
-- Installing: /home/ros/ros2_ws/install/hippocampus_ros2_msgs/local/lib/python3.10/dist-packages/hippocampus_ros2_msgs-0.1.0-py3.10.egg-info/SOURCES.txt
-- Installing: /home/ros/ros2_ws/install/hippocampus_ros2_msgs/local/lib/python3.10/dist-packages/hippocampus_ros2_msgs-0.1.0-py3.10.egg-info/top_level.txt
-- Installing: /home/ros/ros2_ws/install/hippocampus_ros2_msgs/local/lib/python3.10/dist-packages/hippocampus_ros2_msgs-0.1.0-py3.10.egg-info/dependency_links.txt
-- Installing: /home/ros/ros2_ws/install/hippocampus_ros2_msgs/local/lib/python3.10/dist-packages/hippocampus_ros2_msgs
-- Installing: /home/ros/ros2_ws/install/hippocampus_ros2_msgs/local/lib/python3.10/dist-packages/hippocampus_ros2_msgs/msg
-- Installing: /home/ros/ros2_ws/install/hippocampus_ros2_msgs/local/lib/python3.10/dist-packages/hippocampus_ros2_msgs/msg/_mission_goal_s.c
-- Installing: /home/ros/ros2_ws/install/hippocampus_ros2_msgs/local/lib/python3.10/dist-packages/hippocampus_ros2_msgs/msg/_policy_status_s.c
-- Installing: /home/ros/ros2_ws/install/hippocampus_ros2_msgs/local/lib/python3.10/dist-packages/hippocampus_ros2_msgs/msg/_mission_goal.py
-- Installing: /home/ros/ros2_ws/install/hippocampus_ros2_msgs/local/lib/python3.10/dist-packages/hippocampus_ros2_msgs/msg/_graph_snapshot_s.c
-- Installing: /home/ros/ros2_ws/install/hippocampus_ros2_msgs/local/lib/python3.10/dist-packages/hippocampus_ros2_msgs/msg/_graph_snapshot.py
-- Installing: /home/ros/ros2_ws/install/hippocampus_ros2_msgs/local/lib/python3.10/dist-packages/hippocampus_ros2_msgs/msg/_graph_node.py
-- Installing: /home/ros/ros2_ws/install/hippocampus_ros2_msgs/local/lib/python3.10/dist-packages/hippocampus_ros2_msgs/msg/_graph_node_s.c
-- Installing: /home/ros/ros2_ws/install/hippocampus_ros2_msgs/local/lib/python3.10/dist-packages/hippocampus_ros2_msgs/msg/_policy_decision_s.c
-- Installing: /home/ros/ros2_ws/install/hippocampus_ros2_msgs/local/lib/python3.10/dist-packages/hippocampus_ros2_msgs/msg/__init__.py
-- Installing: /home/ros/ros2_ws/install/hippocampus_ros2_msgs/local/lib/python3.10/dist-packages/hippocampus_ros2_msgs/msg/_policy_status.py
-- Installing: /home/ros/ros2_ws/install/hippocampus_ros2_msgs/local/lib/python3.10/dist-packages/hippocampus_ros2_msgs/msg/_policy_decision.py
-- Installing: /home/ros/ros2_ws/install/hippocampus_ros2_msgs/local/lib/python3.10/dist-packages/hippocampus_ros2_msgs/msg/_graph_edge.py
-- Installing: /home/ros/ros2_ws/install/hippocampus_ros2_msgs/local/lib/python3.10/dist-packages/hippocampus_ros2_msgs/msg/_graph_edge_s.c
-- Installing: /home/ros/ros2_ws/install/hippocampus_ros2_msgs/local/lib/python3.10/dist-packages/hippocampus_ros2_msgs/hippocampus_ros2_msgs_s__rosidl_typesupport_fastrtps_c.cpython-310-x86_64-linux-gnu.so
-- Installing: /home/ros/ros2_ws/install/hippocampus_ros2_msgs/local/lib/python3.10/dist-packages/hippocampus_ros2_msgs/_hippocampus_ros2_msgs_s.ep.rosidl_typesupport_c.c
-- Installing: /home/ros/ros2_ws/install/hippocampus_ros2_msgs/local/lib/python3.10/dist-packages/hippocampus_ros2_msgs/_hippocampus_ros2_msgs_s.ep.rosidl_typesupport_fastrtps_c.c
-- Installing: /home/ros/ros2_ws/install/hippocampus_ros2_msgs/local/lib/python3.10/dist-packages/hippocampus_ros2_msgs/__init__.py
-- Installing: /home/ros/ros2_ws/install/hippocampus_ros2_msgs/local/lib/python3.10/dist-packages/hippocampus_ros2_msgs/libhippocampus_ros2_msgs__rosidl_generator_py.so
-- Installing: /home/ros/ros2_ws/install/hippocampus_ros2_msgs/local/lib/python3.10/dist-packages/hippocampus_ros2_msgs/hippocampus_ros2_msgs_s__rosidl_typesupport_introspection_c.cpython-310-x86_64-linux-gnu.so
-- Installing: /home/ros/ros2_ws/install/hippocampus_ros2_msgs/local/lib/python3.10/dist-packages/hippocampus_ros2_msgs/_hippocampus_ros2_msgs_s.ep.rosidl_typesupport_introspection_c.c
-- Installing: /home/ros/ros2_ws/install/hippocampus_ros2_msgs/local/lib/python3.10/dist-packages/hippocampus_ros2_msgs/hippocampus_ros2_msgs_s__rosidl_typesupport_c.cpython-310-x86_64-linux-gnu.so
Listing '/home/ros/ros2_ws/install/hippocampus_ros2_msgs/local/lib/python3.10/dist-packages/hippocampus_ros2_msgs'...
Compiling '/home/ros/ros2_ws/install/hippocampus_ros2_msgs/local/lib/python3.10/dist-packages/hippocampus_ros2_msgs/__init__.py'...
Listing '/home/ros/ros2_ws/install/hippocampus_ros2_msgs/local/lib/python3.10/dist-packages/hippocampus_ros2_msgs/msg'...
Compiling '/home/ros/ros2_ws/install/hippocampus_ros2_msgs/local/lib/python3.10/dist-packages/hippocampus_ros2_msgs/msg/__init__.py'...
Compiling '/home/ros/ros2_ws/install/hippocampus_ros2_msgs/local/lib/python3.10/dist-packages/hippocampus_ros2_msgs/msg/_graph_edge.py'...
Compiling '/home/ros/ros2_ws/install/hippocampus_ros2_msgs/local/lib/python3.10/dist-packages/hippocampus_ros2_msgs/msg/_graph_node.py'...
Compiling '/home/ros/ros2_ws/install/hippocampus_ros2_msgs/local/lib/python3.10/dist-packages/hippocampus_ros2_msgs/msg/_graph_snapshot.py'...
Compiling '/home/ros/ros2_ws/install/hippocampus_ros2_msgs/local/lib/python3.10/dist-packages/hippocampus_ros2_msgs/msg/_mission_goal.py'...
Compiling '/home/ros/ros2_ws/install/hippocampus_ros2_msgs/local/lib/python3.10/dist-packages/hippocampus_ros2_msgs/msg/_policy_decision.py'...
Compiling '/home/ros/ros2_ws/install/hippocampus_ros2_msgs/local/lib/python3.10/dist-packages/hippocampus_ros2_msgs/msg/_policy_status.py'...
-- Installing: /home/ros/ros2_ws/install/hippocampus_ros2_msgs/local/lib/python3.10/dist-packages/hippocampus_ros2_msgs/hippocampus_ros2_msgs_s__rosidl_typesupport_fastrtps_c.cpython-310-x86_64-linux-gnu.so
-- Set runtime path of "/home/ros/ros2_ws/install/hippocampus_ros2_msgs/local/lib/python3.10/dist-packages/hippocampus_ros2_msgs/hippocampus_ros2_msgs_s__rosidl_typesupport_fastrtps_c.cpython-310-x86_64-linux-gnu.so" to ""
-- Installing: /home/ros/ros2_ws/install/hippocampus_ros2_msgs/local/lib/python3.10/dist-packages/hippocampus_ros2_msgs/hippocampus_ros2_msgs_s__rosidl_typesupport_introspection_c.cpython-310-x86_64-linux-gnu.so
-- Set runtime path of "/home/ros/ros2_ws/install/hippocampus_ros2_msgs/local/lib/python3.10/dist-packages/hippocampus_ros2_msgs/hippocampus_ros2_msgs_s__rosidl_typesupport_introspection_c.cpython-310-x86_64-linux-gnu.so" to ""
-- Installing: /home/ros/ros2_ws/install/hippocampus_ros2_msgs/local/lib/python3.10/dist-packages/hippocampus_ros2_msgs/hippocampus_ros2_msgs_s__rosidl_typesupport_c.cpython-310-x86_64-linux-gnu.so
-- Set runtime path of "/home/ros/ros2_ws/install/hippocampus_ros2_msgs/local/lib/python3.10/dist-packages/hippocampus_ros2_msgs/hippocampus_ros2_msgs_s__rosidl_typesupport_c.cpython-310-x86_64-linux-gnu.so" to ""
-- Installing: /home/ros/ros2_ws/install/hippocampus_ros2_msgs/lib/libhippocampus_ros2_msgs__rosidl_generator_py.so
-- Set runtime path of "/home/ros/ros2_ws/install/hippocampus_ros2_msgs/lib/libhippocampus_ros2_msgs__rosidl_generator_py.so" to ""
-- Installing: /home/ros/ros2_ws/install/hippocampus_ros2_msgs/share/hippocampus_ros2_msgs/msg/PolicyDecision.idl
-- Installing: /home/ros/ros2_ws/install/hippocampus_ros2_msgs/share/hippocampus_ros2_msgs/msg/PolicyStatus.idl
-- Installing: /home/ros/ros2_ws/install/hippocampus_ros2_msgs/share/hippocampus_ros2_msgs/msg/MissionGoal.idl
-- Installing: /home/ros/ros2_ws/install/hippocampus_ros2_msgs/share/hippocampus_ros2_msgs/msg/GraphNode.idl
-- Installing: /home/ros/ros2_ws/install/hippocampus_ros2_msgs/share/hippocampus_ros2_msgs/msg/GraphEdge.idl
-- Installing: /home/ros/ros2_ws/install/hippocampus_ros2_msgs/share/hippocampus_ros2_msgs/msg/GraphSnapshot.idl
-- Installing: /home/ros/ros2_ws/install/hippocampus_ros2_msgs/share/hippocampus_ros2_msgs/msg/PolicyDecision.msg
-- Installing: /home/ros/ros2_ws/install/hippocampus_ros2_msgs/share/hippocampus_ros2_msgs/msg/PolicyStatus.msg
-- Installing: /home/ros/ros2_ws/install/hippocampus_ros2_msgs/share/hippocampus_ros2_msgs/msg/MissionGoal.msg
-- Installing: /home/ros/ros2_ws/install/hippocampus_ros2_msgs/share/hippocampus_ros2_msgs/msg/GraphNode.msg
-- Installing: /home/ros/ros2_ws/install/hippocampus_ros2_msgs/share/hippocampus_ros2_msgs/msg/GraphEdge.msg
-- Installing: /home/ros/ros2_ws/install/hippocampus_ros2_msgs/share/hippocampus_ros2_msgs/msg/GraphSnapshot.msg
-- Installing: /home/ros/ros2_ws/install/hippocampus_ros2_msgs/share/ament_index/resource_index/package_run_dependencies/hippocampus_ros2_msgs
-- Installing: /home/ros/ros2_ws/install/hippocampus_ros2_msgs/share/ament_index/resource_index/parent_prefix_path/hippocampus_ros2_msgs
-- Installing: /home/ros/ros2_ws/install/hippocampus_ros2_msgs/share/hippocampus_ros2_msgs/environment/ament_prefix_path.sh
-- Installing: /home/ros/ros2_ws/install/hippocampus_ros2_msgs/share/hippocampus_ros2_msgs/environment/ament_prefix_path.dsv
-- Installing: /home/ros/ros2_ws/install/hippocampus_ros2_msgs/share/hippocampus_ros2_msgs/environment/path.sh
-- Installing: /home/ros/ros2_ws/install/hippocampus_ros2_msgs/share/hippocampus_ros2_msgs/environment/path.dsv
-- Installing: /home/ros/ros2_ws/install/hippocampus_ros2_msgs/share/hippocampus_ros2_msgs/local_setup.bash
-- Installing: /home/ros/ros2_ws/install/hippocampus_ros2_msgs/share/hippocampus_ros2_msgs/local_setup.sh
-- Installing: /home/ros/ros2_ws/install/hippocampus_ros2_msgs/share/hippocampus_ros2_msgs/local_setup.zsh
-- Installing: /home/ros/ros2_ws/install/hippocampus_ros2_msgs/share/hippocampus_ros2_msgs/local_setup.dsv
-- Installing: /home/ros/ros2_ws/install/hippocampus_ros2_msgs/share/hippocampus_ros2_msgs/package.dsv
-- Installing: /home/ros/ros2_ws/install/hippocampus_ros2_msgs/share/ament_index/resource_index/packages/hippocampus_ros2_msgs
-- Installing: /home/ros/ros2_ws/install/hippocampus_ros2_msgs/share/hippocampus_ros2_msgs/cmake/export_hippocampus_ros2_msgs__rosidl_generator_cExport.cmake
-- Installing: /home/ros/ros2_ws/install/hippocampus_ros2_msgs/share/hippocampus_ros2_msgs/cmake/export_hippocampus_ros2_msgs__rosidl_generator_cExport-noconfig.cmake
-- Installing: /home/ros/ros2_ws/install/hippocampus_ros2_msgs/share/hippocampus_ros2_msgs/cmake/export_hippocampus_ros2_msgs__rosidl_typesupport_fastrtps_cExport.cmake
-- Installing: /home/ros/ros2_ws/install/hippocampus_ros2_msgs/share/hippocampus_ros2_msgs/cmake/export_hippocampus_ros2_msgs__rosidl_typesupport_fastrtps_cExport-noconfig.cmake
-- Installing: /home/ros/ros2_ws/install/hippocampus_ros2_msgs/share/hippocampus_ros2_msgs/cmake/export_hippocampus_ros2_msgs__rosidl_generator_cppExport.cmake
-- Installing: /home/ros/ros2_ws/install/hippocampus_ros2_msgs/share/hippocampus_ros2_msgs/cmake/export_hippocampus_ros2_msgs__rosidl_typesupport_fastrtps_cppExport.cmake
-- Installing: /home/ros/ros2_ws/install/hippocampus_ros2_msgs/share/hippocampus_ros2_msgs/cmake/export_hippocampus_ros2_msgs__rosidl_typesupport_fastrtps_cppExport-noconfig.cmake
-- Installing: /home/ros/ros2_ws/install/hippocampus_ros2_msgs/share/hippocampus_ros2_msgs/cmake/hippocampus_ros2_msgs__rosidl_typesupport_introspection_cExport.cmake
-- Installing: /home/ros/ros2_ws/install/hippocampus_ros2_msgs/share/hippocampus_ros2_msgs/cmake/hippocampus_ros2_msgs__rosidl_typesupport_introspection_cExport-noconfig.cmake
-- Installing: /home/ros/ros2_ws/install/hippocampus_ros2_msgs/share/hippocampus_ros2_msgs/cmake/hippocampus_ros2_msgs__rosidl_typesupport_cExport.cmake
-- Installing: /home/ros/ros2_ws/install/hippocampus_ros2_msgs/share/hippocampus_ros2_msgs/cmake/hippocampus_ros2_msgs__rosidl_typesupport_cExport-noconfig.cmake
-- Installing: /home/ros/ros2_ws/install/hippocampus_ros2_msgs/share/hippocampus_ros2_msgs/cmake/hippocampus_ros2_msgs__rosidl_typesupport_introspection_cppExport.cmake
-- Installing: /home/ros/ros2_ws/install/hippocampus_ros2_msgs/share/hippocampus_ros2_msgs/cmake/hippocampus_ros2_msgs__rosidl_typesupport_introspection_cppExport-noconfig.cmake
-- Installing: /home/ros/ros2_ws/install/hippocampus_ros2_msgs/share/hippocampus_ros2_msgs/cmake/hippocampus_ros2_msgs__rosidl_typesupport_cppExport.cmake
-- Installing: /home/ros/ros2_ws/install/hippocampus_ros2_msgs/share/hippocampus_ros2_msgs/cmake/hippocampus_ros2_msgs__rosidl_typesupport_cppExport-noconfig.cmake
-- Installing: /home/ros/ros2_ws/install/hippocampus_ros2_msgs/share/hippocampus_ros2_msgs/cmake/export_hippocampus_ros2_msgs__rosidl_generator_pyExport.cmake
-- Installing: /home/ros/ros2_ws/install/hippocampus_ros2_msgs/share/hippocampus_ros2_msgs/cmake/export_hippocampus_ros2_msgs__rosidl_generator_pyExport-noconfig.cmake
-- Installing: /home/ros/ros2_ws/install/hippocampus_ros2_msgs/share/hippocampus_ros2_msgs/cmake/rosidl_cmake-extras.cmake
-- Installing: /home/ros/ros2_ws/install/hippocampus_ros2_msgs/share/hippocampus_ros2_msgs/cmake/ament_cmake_export_dependencies-extras.cmake
-- Installing: /home/ros/ros2_ws/install/hippocampus_ros2_msgs/share/hippocampus_ros2_msgs/cmake/ament_cmake_export_include_directories-extras.cmake
-- Installing: /home/ros/ros2_ws/install/hippocampus_ros2_msgs/share/hippocampus_ros2_msgs/cmake/ament_cmake_export_libraries-extras.cmake
-- Installing: /home/ros/ros2_ws/install/hippocampus_ros2_msgs/share/hippocampus_ros2_msgs/cmake/ament_cmake_export_targets-extras.cmake
-- Installing: /home/ros/ros2_ws/install/hippocampus_ros2_msgs/share/hippocampus_ros2_msgs/cmake/rosidl_cmake_export_typesupport_targets-extras.cmake
-- Installing: /home/ros/ros2_ws/install/hippocampus_ros2_msgs/share/hippocampus_ros2_msgs/cmake/rosidl_cmake_export_typesupport_libraries-extras.cmake
-- Installing: /home/ros/ros2_ws/install/hippocampus_ros2_msgs/share/hippocampus_ros2_msgs/cmake/hippocampus_ros2_msgsConfig.cmake
-- Installing: /home/ros/ros2_ws/install/hippocampus_ros2_msgs/share/hippocampus_ros2_msgs/cmake/hippocampus_ros2_msgsConfig-version.cmake
-- Installing: /home/ros/ros2_ws/install/hippocampus_ros2_msgs/share/hippocampus_ros2_msgs/package.xml
