======================================================================
Hoffman et al. (2016) Topological Mapping Validation
======================================================================

Integration windows: [0.0, 120.0, 240.0] seconds
Simulation duration: 300.0 seconds (5.0 minutes)
Number of place cells: 100
Place-field sigma: 0.1
Coactivity threshold: 7.0
Max edge distance: 0.110
Obstacle environment: Yes
  Number of obstacles: 1
  Layout: random
  Obstacle radius: 0.15
  Expected b₁: 1 (one hole per obstacle)
Placement mode: uniform
Trajectory mode: random

  Running with ϖ=Nones... done
  Running with ϖ=120.0s... done
  Running with ϖ=240.0s... done

======================================================================
Summary Statistics
======================================================================

   ϖ (s) |  Final Edges |   Final b₀ |   Final b₁ |  T_min (min)
----------------------------------------------------------------------
    None |          185 |         12 |          0 |         0.25
     120 |          185 |         12 |          0 |         2.25
     240 |          138 |         32 |          0 |         4.25

======================================================================
Generating plots...
======================================================================

Saved figure to: results/sweeps/20251120-203615_sparse_tight_edges/figure.png

======================================================================
Validation complete!
======================================================================

Key findings from paper:
  1. Longer integration windows (ϖ) should reduce spurious loops (b₁)
  2. Integration windows should reduce fragmentation (b₀ → 1 faster)
  3. Learning time T_min may increase slightly with ϖ, but maps are more stable

