======================================================================
Hoffman et al. (2016) Topological Mapping Validation
======================================================================

Integration windows: [0.0, 300.0, 600.0, 900.0] seconds
Simulation duration: 1200.0 seconds (20.0 minutes)
Number of place cells: 89
Place-field sigma: 0.12
Coactivity threshold: 5.8
Max edge distance: 0.128
Obstacle environment: Yes
  Number of obstacles: 1
  Layout: random
  Obstacle radius: 0.15
  Expected b₁: 1 (one hole per obstacle)
Placement mode: obstacle_ring
  Ring fraction: 0.37, offset: 0.022, jitter: 0.010
Trajectory mode: orbit_then_random
  Orbit duration: 330.0s, radius: 0.173, speed: 0.460

  Running with ϖ=Nones... done
  Running with ϖ=300.0s... done
  Running with ϖ=600.0s... done
  Running with ϖ=900.0s... done

======================================================================
Summary Statistics
======================================================================

   ϖ (s) |  Final Edges |   Final b₀ |   Final b₁ |  T_min (min)
----------------------------------------------------------------------
    None |          249 |         10 |          0 |         1.00
     300 |          249 |         10 |          0 |         6.00
     600 |          249 |         10 |          0 |        11.00
     900 |          229 |         17 |          0 |        16.00

======================================================================
Generating plots...
======================================================================

Saved figure to: results/sweeps/20251120-211233_experimental_v4/figure.png

======================================================================
Validation complete!
======================================================================

Key findings from paper:
  1. Longer integration windows (ϖ) should reduce spurious loops (b₁)
  2. Integration windows should reduce fragmentation (b₀ → 1 faster)
  3. Learning time T_min may increase slightly with ϖ, but maps are more stable

