======================================================================
Hoffman et al. (2016) Topological Mapping Validation
======================================================================

Integration windows: [0.0, 180.0, 360.0, 540.0] seconds
Simulation duration: 900.0 seconds (15.0 minutes)
Number of place cells: 85
Place-field sigma: 0.117
Coactivity threshold: 6.3
Max edge distance: 0.124
Obstacle environment: Yes
  Number of obstacles: 1
  Layout: random
  Obstacle radius: 0.15
  Expected b₁: 1 (one hole per obstacle)
Placement mode: ring_spokes
  Ring fraction: 0.30, spokes: 0.30 (num-spokes=7), ring offset: 0.023, ring jitter: 0.010, spoke ext: 0.145, spoke jitter: 0.010
Trajectory mode: orbit_then_random
  Orbit duration: 270.0s, radius: 0.170, speed: 0.480

  Running with ϖ=Nones... done
  Running with ϖ=180.0s... done
  Running with ϖ=360.0s... done
  Running with ϖ=540.0s... done

======================================================================
Summary Statistics
======================================================================

   ϖ (s) |  Final Edges |   Final b₀ |   Final b₁ |  T_min (min)
----------------------------------------------------------------------
    None |          304 |          9 |          0 |         0.75
     180 |          304 |          9 |          0 |         3.75
     360 |          304 |          9 |          0 |         6.75
     540 |          304 |          9 |          0 |         9.75

======================================================================
Generating plots...
======================================================================

Saved figure to: results/sweeps/20251120-210907_optimized_mix_v1/figure.png

======================================================================
Validation complete!
======================================================================

Key findings from paper:
  1. Longer integration windows (ϖ) should reduce spurious loops (b₁)
  2. Integration windows should reduce fragmentation (b₀ → 1 faster)
  3. Learning time T_min may increase slightly with ϖ, but maps are more stable

