======================================================================
Hoffman et al. (2016) Topological Mapping Validation
======================================================================

Integration windows: [0.0, 300.0, 600.0, 900.0] seconds
Simulation duration: 1500.0 seconds (25.0 minutes)
Number of place cells: 88
Place-field sigma: 0.119
Coactivity threshold: 6.0
Max edge distance: 0.130
Obstacle environment: Yes
  Number of obstacles: 1
  Layout: random
  Obstacle radius: 0.15
  Expected b₁: 1 (one hole per obstacle)
Placement mode: obstacle_ring
  Ring fraction: 0.35, offset: 0.024, jitter: 0.010
Trajectory mode: random

  Running with ϖ=Nones... done
  Running with ϖ=300.0s... done
  Running with ϖ=600.0s... done
  Running with ϖ=900.0s... done

======================================================================
Summary Statistics
======================================================================

   ϖ (s) |  Final Edges |   Final b₀ |   Final b₁ |  T_min (min)
----------------------------------------------------------------------
    None |          246 |         11 |          0 |         1.25
     300 |          246 |         11 |          0 |         6.25
     600 |          246 |         11 |          0 |        11.25
     900 |          246 |         11 |          0 |        16.25

======================================================================
Generating plots...
======================================================================

Saved figure to: results/sweeps/20251120-210925_ultra_long_v1/figure.png

======================================================================
Validation complete!
======================================================================

Key findings from paper:
  1. Longer integration windows (ϖ) should reduce spurious loops (b₁)
  2. Integration windows should reduce fragmentation (b₀ → 1 faster)
  3. Learning time T_min may increase slightly with ϖ, but maps are more stable

