======================================================================
Hoffman et al. (2016) Topological Mapping Validation
======================================================================

Integration windows: [0.0, 120.0, 240.0] seconds
Simulation duration: 600.0 seconds (10.0 minutes)
Number of place cells: 85
Place-field sigma: 0.115
Coactivity threshold: 6.0
Max edge distance: 0.130
Obstacle environment: Yes
  Number of obstacles: 1
  Layout: random
  Obstacle radius: 0.15
  Expected b₁: 1 (one hole per obstacle)
Placement mode: obstacle_ring
  Ring fraction: 0.30, offset: 0.025, jitter: 0.010
Trajectory mode: orbit_then_random
  Orbit duration: 240.0s, radius: 0.170, speed: 0.500

  Running with ϖ=Nones... done
  Running with ϖ=120.0s... done
  Running with ϖ=240.0s... done

======================================================================
Summary Statistics
======================================================================

   ϖ (s) |  Final Edges |   Final b₀ |   Final b₁ |  T_min (min)
----------------------------------------------------------------------
    None |          211 |         10 |          0 |         0.50
     120 |          211 |         10 |          0 |         2.50
     240 |          210 |         11 |          0 |         4.50

======================================================================
Generating plots...
======================================================================

Saved figure to: results/sweeps/20251120-203952_orbit_ring_v1/figure.png

======================================================================
Validation complete!
======================================================================

Key findings from paper:
  1. Longer integration windows (ϖ) should reduce spurious loops (b₁)
  2. Integration windows should reduce fragmentation (b₀ → 1 faster)
  3. Learning time T_min may increase slightly with ϖ, but maps are more stable

