Consolidate compiler generated dependencies of target hippocampus_ros2_msgs__rosidl_generator_c
[  1%] Built target hippocampus_ros2_msgs__cpp
[  1%] Built target ament_cmake_python_copy_hippocampus_ros2_msgs
[ 12%] Built target hippocampus_ros2_msgs__rosidl_generator_c
Consolidate compiler generated dependencies of target hippocampus_ros2_msgs__rosidl_typesupport_c
Consolidate compiler generated dependencies of target hippocampus_ros2_msgs__rosidl_typesupport_introspection_c
Consolidate compiler generated dependencies of target hippocampus_ros2_msgs__rosidl_typesupport_cpp
[ 23%] Built target hippocampus_ros2_msgs__rosidl_typesupport_c
Consolidate compiler generated dependencies of target hippocampus_ros2_msgs__rosidl_typesupport_introspection_cpp
Consolidate compiler generated dependencies of target hippocampus_ros2_msgs__rosidl_typesupport_fastrtps_cpp
[ 35%] Built target hippocampus_ros2_msgs__rosidl_typesupport_introspection_c
[ 46%] Built target hippocampus_ros2_msgs__rosidl_typesupport_cpp
Consolidate compiler generated dependencies of target hippocampus_ros2_msgs__rosidl_typesupport_fastrtps_c
[ 57%] Built target hippocampus_ros2_msgs__rosidl_typesupport_introspection_cpp
[ 69%] Built target hippocampus_ros2_msgs__rosidl_typesupport_fastrtps_cpp
running egg_info
writing hippocampus_ros2_msgs.egg-info/PKG-INFO
writing dependency_links to hippocampus_ros2_msgs.egg-info/dependency_links.txt
writing top-level names to hippocampus_ros2_msgs.egg-info/top_level.txt
reading manifest file 'hippocampus_ros2_msgs.egg-info/SOURCES.txt'
writing manifest file 'hippocampus_ros2_msgs.egg-info/SOURCES.txt'
[ 80%] Built target hippocampus_ros2_msgs__rosidl_typesupport_fastrtps_c
[ 80%] Built target ament_cmake_python_build_hippocampus_ros2_msgs_egg
[ 80%] Built target hippocampus_ros2_msgs
[ 81%] Built target hippocampus_ros2_msgs__py
Consolidate compiler generated dependencies of target hippocampus_ros2_msgs__rosidl_generator_py
[ 91%] Built target hippocampus_ros2_msgs__rosidl_generator_py
Consolidate compiler generated dependencies of target hippocampus_ros2_msgs__rosidl_typesupport_introspection_c__pyext
Consolidate compiler generated dependencies of target hippocampus_ros2_msgs__rosidl_typesupport_fastrtps_c__pyext
Consolidate compiler generated dependencies of target hippocampus_ros2_msgs__rosidl_typesupport_c__pyext
[ 94%] Built target hippocampus_ros2_msgs__rosidl_typesupport_introspection_c__pyext
[ 97%] Built target hippocampus_ros2_msgs__rosidl_typesupport_fastrtps_c__pyext
[100%] Built target hippocampus_ros2_msgs__rosidl_typesupport_c__pyext
-- Install configuration: ""
-- Up-to-date: /home/ros/ros2_ws/install/hippocampus_ros2_msgs/share/ament_index/resource_index/rosidl_interfaces/hippocampus_ros2_msgs
-- Up-to-date: /home/ros/ros2_ws/install/hippocampus_ros2_msgs/include/hippocampus_ros2_msgs/hippocampus_ros2_msgs
-- Up-to-date: /home/ros/ros2_ws/install/hippocampus_ros2_msgs/include/hippocampus_ros2_msgs/hippocampus_ros2_msgs/msg
-- Up-to-date: /home/ros/ros2_ws/install/hippocampus_ros2_msgs/include/hippocampus_ros2_msgs/hippocampus_ros2_msgs/msg/rosidl_generator_c__visibility_control.h
-- Up-to-date: /home/ros/ros2_ws/install/hippocampus_ros2_msgs/include/hippocampus_ros2_msgs/hippocampus_ros2_msgs/msg/graph_edge.h
-- Up-to-date: /home/ros/ros2_ws/install/hippocampus_ros2_msgs/include/hippocampus_ros2_msgs/hippocampus_ros2_msgs/msg/policy_decision.h
-- Up-to-date: /home/ros/ros2_ws/install/hippocampus_ros2_msgs/include/hippocampus_ros2_msgs/hippocampus_ros2_msgs/msg/policy_status.h
-- Up-to-date: /home/ros/ros2_ws/install/hippocampus_ros2_msgs/include/hippocampus_ros2_msgs/hippocampus_ros2_msgs/msg/graph_node.h
-- Up-to-date: /home/ros/ros2_ws/install/hippocampus_ros2_msgs/include/hippocampus_ros2_msgs/hippocampus_ros2_msgs/msg/mission_goal.h
-- Up-to-date: /home/ros/ros2_ws/install/hippocampus_ros2_msgs/include/hippocampus_ros2_msgs/hippocampus_ros2_msgs/msg/detail
-- Up-to-date: /home/ros/ros2_ws/install/hippocampus_ros2_msgs/include/hippocampus_ros2_msgs/hippocampus_ros2_msgs/msg/detail/graph_edge__struct.h
-- Up-to-date: /home/ros/ros2_ws/install/hippocampus_ros2_msgs/include/hippocampus_ros2_msgs/hippocampus_ros2_msgs/msg/detail/graph_edge__functions.h
-- Up-to-date: /home/ros/ros2_ws/install/hippocampus_ros2_msgs/include/hippocampus_ros2_msgs/hippocampus_ros2_msgs/msg/detail/mission_goal__type_support.h
-- Up-to-date: /home/ros/ros2_ws/install/hippocampus_ros2_msgs/include/hippocampus_ros2_msgs/hippocampus_ros2_msgs/msg/detail/graph_snapshot__struct.h
-- Up-to-date: /home/ros/ros2_ws/install/hippocampus_ros2_msgs/include/hippocampus_ros2_msgs/hippocampus_ros2_msgs/msg/detail/mission_goal__struct.h
-- Up-to-date: /home/ros/ros2_ws/install/hippocampus_ros2_msgs/include/hippocampus_ros2_msgs/hippocampus_ros2_msgs/msg/detail/mission_goal__functions.c
-- Up-to-date: /home/ros/ros2_ws/install/hippocampus_ros2_msgs/include/hippocampus_ros2_msgs/hippocampus_ros2_msgs/msg/detail/policy_decision__functions.c
-- Up-to-date: /home/ros/ros2_ws/install/hippocampus_ros2_msgs/include/hippocampus_ros2_msgs/hippocampus_ros2_msgs/msg/detail/policy_status__struct.h
-- Up-to-date: /home/ros/ros2_ws/install/hippocampus_ros2_msgs/include/hippocampus_ros2_msgs/hippocampus_ros2_msgs/msg/detail/policy_status__functions.c
-- Up-to-date: /home/ros/ros2_ws/install/hippocampus_ros2_msgs/include/hippocampus_ros2_msgs/hippocampus_ros2_msgs/msg/detail/graph_snapshot__functions.h
-- Up-to-date: /home/ros/ros2_ws/install/hippocampus_ros2_msgs/include/hippocampus_ros2_msgs/hippocampus_ros2_msgs/msg/detail/graph_node__functions.c
-- Up-to-date: /home/ros/ros2_ws/install/hippocampus_ros2_msgs/include/hippocampus_ros2_msgs/hippocampus_ros2_msgs/msg/detail/graph_edge__type_support.h
-- Up-to-date: /home/ros/ros2_ws/install/hippocampus_ros2_msgs/include/hippocampus_ros2_msgs/hippocampus_ros2_msgs/msg/detail/graph_node__struct.h
-- Up-to-date: /home/ros/ros2_ws/install/hippocampus_ros2_msgs/include/hippocampus_ros2_msgs/hippocampus_ros2_msgs/msg/detail/policy_status__type_support.h
-- Up-to-date: /home/ros/ros2_ws/install/hippocampus_ros2_msgs/include/hippocampus_ros2_msgs/hippocampus_ros2_msgs/msg/detail/graph_node__type_support.h
-- Up-to-date: /home/ros/ros2_ws/install/hippocampus_ros2_msgs/include/hippocampus_ros2_msgs/hippocampus_ros2_msgs/msg/detail/policy_decision__struct.h
-- Up-to-date: /home/ros/ros2_ws/install/hippocampus_ros2_msgs/include/hippocampus_ros2_msgs/hippocampus_ros2_msgs/msg/detail/graph_edge__functions.c
-- Up-to-date: /home/ros/ros2_ws/install/hippocampus_ros2_msgs/include/hippocampus_ros2_msgs/hippocampus_ros2_msgs/msg/detail/mission_goal__functions.h
-- Up-to-date: /home/ros/ros2_ws/install/hippocampus_ros2_msgs/include/hippocampus_ros2_msgs/hippocampus_ros2_msgs/msg/detail/graph_snapshot__type_support.h
-- Up-to-date: /home/ros/ros2_ws/install/hippocampus_ros2_msgs/include/hippocampus_ros2_msgs/hippocampus_ros2_msgs/msg/detail/policy_decision__type_support.h
-- Up-to-date: /home/ros/ros2_ws/install/hippocampus_ros2_msgs/include/hippocampus_ros2_msgs/hippocampus_ros2_msgs/msg/detail/policy_status__functions.h
-- Up-to-date: /home/ros/ros2_ws/install/hippocampus_ros2_msgs/include/hippocampus_ros2_msgs/hippocampus_ros2_msgs/msg/detail/policy_decision__functions.h
-- Up-to-date: /home/ros/ros2_ws/install/hippocampus_ros2_msgs/include/hippocampus_ros2_msgs/hippocampus_ros2_msgs/msg/detail/graph_node__functions.h
-- Up-to-date: /home/ros/ros2_ws/install/hippocampus_ros2_msgs/include/hippocampus_ros2_msgs/hippocampus_ros2_msgs/msg/detail/graph_snapshot__functions.c
-- Up-to-date: /home/ros/ros2_ws/install/hippocampus_ros2_msgs/include/hippocampus_ros2_msgs/hippocampus_ros2_msgs/msg/graph_snapshot.h
-- Up-to-date: /home/ros/ros2_ws/install/hippocampus_ros2_msgs/share/hippocampus_ros2_msgs/environment/library_path.sh
-- Up-to-date: /home/ros/ros2_ws/install/hippocampus_ros2_msgs/share/hippocampus_ros2_msgs/environment/library_path.dsv
-- Up-to-date: /home/ros/ros2_ws/install/hippocampus_ros2_msgs/lib/libhippocampus_ros2_msgs__rosidl_generator_c.so
-- Up-to-date: /home/ros/ros2_ws/install/hippocampus_ros2_msgs/include/hippocampus_ros2_msgs/hippocampus_ros2_msgs
-- Up-to-date: /home/ros/ros2_ws/install/hippocampus_ros2_msgs/include/hippocampus_ros2_msgs/hippocampus_ros2_msgs/msg
-- Up-to-date: /home/ros/ros2_ws/install/hippocampus_ros2_msgs/include/hippocampus_ros2_msgs/hippocampus_ros2_msgs/msg/detail
-- Up-to-date: /home/ros/ros2_ws/install/hippocampus_ros2_msgs/include/hippocampus_ros2_msgs/hippocampus_ros2_msgs/msg/detail/graph_edge__rosidl_typesupport_fastrtps_c.h
-- Up-to-date: /home/ros/ros2_ws/install/hippocampus_ros2_msgs/include/hippocampus_ros2_msgs/hippocampus_ros2_msgs/msg/detail/policy_decision__rosidl_typesupport_fastrtps_c.h
-- Up-to-date: /home/ros/ros2_ws/install/hippocampus_ros2_msgs/include/hippocampus_ros2_msgs/hippocampus_ros2_msgs/msg/detail/graph_snapshot__rosidl_typesupport_fastrtps_c.h
-- Up-to-date: /home/ros/ros2_ws/install/hippocampus_ros2_msgs/include/hippocampus_ros2_msgs/hippocampus_ros2_msgs/msg/detail/policy_status__rosidl_typesupport_fastrtps_c.h
-- Up-to-date: /home/ros/ros2_ws/install/hippocampus_ros2_msgs/include/hippocampus_ros2_msgs/hippocampus_ros2_msgs/msg/detail/graph_node__rosidl_typesupport_fastrtps_c.h
-- Up-to-date: /home/ros/ros2_ws/install/hippocampus_ros2_msgs/include/hippocampus_ros2_msgs/hippocampus_ros2_msgs/msg/detail/mission_goal__rosidl_typesupport_fastrtps_c.h
-- Up-to-date: /home/ros/ros2_ws/install/hippocampus_ros2_msgs/include/hippocampus_ros2_msgs/hippocampus_ros2_msgs/msg/rosidl_typesupport_fastrtps_c__visibility_control.h
-- Up-to-date: /home/ros/ros2_ws/install/hippocampus_ros2_msgs/lib/libhippocampus_ros2_msgs__rosidl_typesupport_fastrtps_c.so
-- Up-to-date: /home/ros/ros2_ws/install/hippocampus_ros2_msgs/include/hippocampus_ros2_msgs/hippocampus_ros2_msgs
-- Up-to-date: /home/ros/ros2_ws/install/hippocampus_ros2_msgs/include/hippocampus_ros2_msgs/hippocampus_ros2_msgs/msg
-- Up-to-date: /home/ros/ros2_ws/install/hippocampus_ros2_msgs/include/hippocampus_ros2_msgs/hippocampus_ros2_msgs/msg/policy_decision.hpp
-- Up-to-date: /home/ros/ros2_ws/install/hippocampus_ros2_msgs/include/hippocampus_ros2_msgs/hippocampus_ros2_msgs/msg/graph_snapshot.hpp
-- Up-to-date: /home/ros/ros2_ws/install/hippocampus_ros2_msgs/include/hippocampus_ros2_msgs/hippocampus_ros2_msgs/msg/policy_status.hpp
-- Up-to-date: /home/ros/ros2_ws/install/hippocampus_ros2_msgs/include/hippocampus_ros2_msgs/hippocampus_ros2_msgs/msg/graph_node.hpp
-- Up-to-date: /home/ros/ros2_ws/install/hippocampus_ros2_msgs/include/hippocampus_ros2_msgs/hippocampus_ros2_msgs/msg/detail
-- Up-to-date: /home/ros/ros2_ws/install/hippocampus_ros2_msgs/include/hippocampus_ros2_msgs/hippocampus_ros2_msgs/msg/detail/graph_node__traits.hpp
-- Up-to-date: /home/ros/ros2_ws/install/hippocampus_ros2_msgs/include/hippocampus_ros2_msgs/hippocampus_ros2_msgs/msg/detail/graph_node__builder.hpp
-- Up-to-date: /home/ros/ros2_ws/install/hippocampus_ros2_msgs/include/hippocampus_ros2_msgs/hippocampus_ros2_msgs/msg/detail/graph_edge__traits.hpp
-- Up-to-date: /home/ros/ros2_ws/install/hippocampus_ros2_msgs/include/hippocampus_ros2_msgs/hippocampus_ros2_msgs/msg/detail/mission_goal__type_support.hpp
-- Up-to-date: /home/ros/ros2_ws/install/hippocampus_ros2_msgs/include/hippocampus_ros2_msgs/hippocampus_ros2_msgs/msg/detail/policy_decision__builder.hpp
-- Up-to-date: /home/ros/ros2_ws/install/hippocampus_ros2_msgs/include/hippocampus_ros2_msgs/hippocampus_ros2_msgs/msg/detail/policy_decision__struct.hpp
-- Up-to-date: /home/ros/ros2_ws/install/hippocampus_ros2_msgs/include/hippocampus_ros2_msgs/hippocampus_ros2_msgs/msg/detail/policy_decision__type_support.hpp
-- Up-to-date: /home/ros/ros2_ws/install/hippocampus_ros2_msgs/include/hippocampus_ros2_msgs/hippocampus_ros2_msgs/msg/detail/policy_status__builder.hpp
-- Up-to-date: /home/ros/ros2_ws/install/hippocampus_ros2_msgs/include/hippocampus_ros2_msgs/hippocampus_ros2_msgs/msg/detail/graph_snapshot__struct.hpp
-- Up-to-date: /home/ros/ros2_ws/install/hippocampus_ros2_msgs/include/hippocampus_ros2_msgs/hippocampus_ros2_msgs/msg/detail/mission_goal__builder.hpp
-- Up-to-date: /home/ros/ros2_ws/install/hippocampus_ros2_msgs/include/hippocampus_ros2_msgs/hippocampus_ros2_msgs/msg/detail/policy_status__type_support.hpp
-- Up-to-date: /home/ros/ros2_ws/install/hippocampus_ros2_msgs/include/hippocampus_ros2_msgs/hippocampus_ros2_msgs/msg/detail/graph_node__type_support.hpp
-- Up-to-date: /home/ros/ros2_ws/install/hippocampus_ros2_msgs/include/hippocampus_ros2_msgs/hippocampus_ros2_msgs/msg/detail/graph_edge__type_support.hpp
-- Up-to-date: /home/ros/ros2_ws/install/hippocampus_ros2_msgs/include/hippocampus_ros2_msgs/hippocampus_ros2_msgs/msg/detail/policy_status__traits.hpp
-- Up-to-date: /home/ros/ros2_ws/install/hippocampus_ros2_msgs/include/hippocampus_ros2_msgs/hippocampus_ros2_msgs/msg/detail/mission_goal__traits.hpp
-- Up-to-date: /home/ros/ros2_ws/install/hippocampus_ros2_msgs/include/hippocampus_ros2_msgs/hippocampus_ros2_msgs/msg/detail/graph_edge__struct.hpp
-- Up-to-date: /home/ros/ros2_ws/install/hippocampus_ros2_msgs/include/hippocampus_ros2_msgs/hippocampus_ros2_msgs/msg/detail/graph_node__struct.hpp
-- Up-to-date: /home/ros/ros2_ws/install/hippocampus_ros2_msgs/include/hippocampus_ros2_msgs/hippocampus_ros2_msgs/msg/detail/graph_snapshot__builder.hpp
-- Up-to-date: /home/ros/ros2_ws/install/hippocampus_ros2_msgs/include/hippocampus_ros2_msgs/hippocampus_ros2_msgs/msg/detail/policy_decision__traits.hpp
-- Up-to-date: /home/ros/ros2_ws/install/hippocampus_ros2_msgs/include/hippocampus_ros2_msgs/hippocampus_ros2_msgs/msg/detail/graph_snapshot__traits.hpp
-- Up-to-date: /home/ros/ros2_ws/install/hippocampus_ros2_msgs/include/hippocampus_ros2_msgs/hippocampus_ros2_msgs/msg/detail/graph_snapshot__type_support.hpp
-- Up-to-date: /home/ros/ros2_ws/install/hippocampus_ros2_msgs/include/hippocampus_ros2_msgs/hippocampus_ros2_msgs/msg/detail/mission_goal__struct.hpp
-- Up-to-date: /home/ros/ros2_ws/install/hippocampus_ros2_msgs/include/hippocampus_ros2_msgs/hippocampus_ros2_msgs/msg/detail/policy_status__struct.hpp
-- Up-to-date: /home/ros/ros2_ws/install/hippocampus_ros2_msgs/include/hippocampus_ros2_msgs/hippocampus_ros2_msgs/msg/detail/graph_edge__builder.hpp
-- Up-to-date: /home/ros/ros2_ws/install/hippocampus_ros2_msgs/include/hippocampus_ros2_msgs/hippocampus_ros2_msgs/msg/rosidl_generator_cpp__visibility_control.hpp
-- Up-to-date: /home/ros/ros2_ws/install/hippocampus_ros2_msgs/include/hippocampus_ros2_msgs/hippocampus_ros2_msgs/msg/graph_edge.hpp
-- Up-to-date: /home/ros/ros2_ws/install/hippocampus_ros2_msgs/include/hippocampus_ros2_msgs/hippocampus_ros2_msgs/msg/mission_goal.hpp
-- Up-to-date: /home/ros/ros2_ws/install/hippocampus_ros2_msgs/include/hippocampus_ros2_msgs/hippocampus_ros2_msgs
-- Up-to-date: /home/ros/ros2_ws/install/hippocampus_ros2_msgs/include/hippocampus_ros2_msgs/hippocampus_ros2_msgs/msg
-- Up-to-date: /home/ros/ros2_ws/install/hippocampus_ros2_msgs/include/hippocampus_ros2_msgs/hippocampus_ros2_msgs/msg/rosidl_typesupport_fastrtps_cpp__visibility_control.h
-- Up-to-date: /home/ros/ros2_ws/install/hippocampus_ros2_msgs/include/hippocampus_ros2_msgs/hippocampus_ros2_msgs/msg/detail
-- Up-to-date: /home/ros/ros2_ws/install/hippocampus_ros2_msgs/include/hippocampus_ros2_msgs/hippocampus_ros2_msgs/msg/detail/graph_snapshot__rosidl_typesupport_fastrtps_cpp.hpp
-- Up-to-date: /home/ros/ros2_ws/install/hippocampus_ros2_msgs/include/hippocampus_ros2_msgs/hippocampus_ros2_msgs/msg/detail/mission_goal__rosidl_typesupport_fastrtps_cpp.hpp
-- Up-to-date: /home/ros/ros2_ws/install/hippocampus_ros2_msgs/include/hippocampus_ros2_msgs/hippocampus_ros2_msgs/msg/detail/graph_node__rosidl_typesupport_fastrtps_cpp.hpp
-- Up-to-date: /home/ros/ros2_ws/install/hippocampus_ros2_msgs/include/hippocampus_ros2_msgs/hippocampus_ros2_msgs/msg/detail/policy_status__rosidl_typesupport_fastrtps_cpp.hpp
-- Up-to-date: /home/ros/ros2_ws/install/hippocampus_ros2_msgs/include/hippocampus_ros2_msgs/hippocampus_ros2_msgs/msg/detail/policy_decision__rosidl_typesupport_fastrtps_cpp.hpp
-- Up-to-date: /home/ros/ros2_ws/install/hippocampus_ros2_msgs/include/hippocampus_ros2_msgs/hippocampus_ros2_msgs/msg/detail/graph_edge__rosidl_typesupport_fastrtps_cpp.hpp
-- Up-to-date: /home/ros/ros2_ws/install/hippocampus_ros2_msgs/include/hippocampus_ros2_msgs/hippocampus_ros2_msgs/msg/detail/dds_fastrtps
-- Up-to-date: /home/ros/ros2_ws/install/hippocampus_ros2_msgs/lib/libhippocampus_ros2_msgs__rosidl_typesupport_fastrtps_cpp.so
-- Up-to-date: /home/ros/ros2_ws/install/hippocampus_ros2_msgs/include/hippocampus_ros2_msgs/hippocampus_ros2_msgs
-- Up-to-date: /home/ros/ros2_ws/install/hippocampus_ros2_msgs/include/hippocampus_ros2_msgs/hippocampus_ros2_msgs/msg
-- Up-to-date: /home/ros/ros2_ws/install/hippocampus_ros2_msgs/include/hippocampus_ros2_msgs/hippocampus_ros2_msgs/msg/detail
-- Up-to-date: /home/ros/ros2_ws/install/hippocampus_ros2_msgs/include/hippocampus_ros2_msgs/hippocampus_ros2_msgs/msg/detail/graph_edge__rosidl_typesupport_introspection_c.h
-- Up-to-date: /home/ros/ros2_ws/install/hippocampus_ros2_msgs/include/hippocampus_ros2_msgs/hippocampus_ros2_msgs/msg/detail/policy_decision__rosidl_typesupport_introspection_c.h
-- Up-to-date: /home/ros/ros2_ws/install/hippocampus_ros2_msgs/include/hippocampus_ros2_msgs/hippocampus_ros2_msgs/msg/detail/policy_status__rosidl_typesupport_introspection_c.h
-- Up-to-date: /home/ros/ros2_ws/install/hippocampus_ros2_msgs/include/hippocampus_ros2_msgs/hippocampus_ros2_msgs/msg/detail/graph_node__rosidl_typesupport_introspection_c.h
-- Up-to-date: /home/ros/ros2_ws/install/hippocampus_ros2_msgs/include/hippocampus_ros2_msgs/hippocampus_ros2_msgs/msg/detail/graph_snapshot__type_support.c
-- Up-to-date: /home/ros/ros2_ws/install/hippocampus_ros2_msgs/include/hippocampus_ros2_msgs/hippocampus_ros2_msgs/msg/detail/policy_decision__type_support.c
-- Up-to-date: /home/ros/ros2_ws/install/hippocampus_ros2_msgs/include/hippocampus_ros2_msgs/hippocampus_ros2_msgs/msg/detail/mission_goal__rosidl_typesupport_introspection_c.h
-- Up-to-date: /home/ros/ros2_ws/install/hippocampus_ros2_msgs/include/hippocampus_ros2_msgs/hippocampus_ros2_msgs/msg/detail/graph_snapshot__rosidl_typesupport_introspection_c.h
-- Up-to-date: /home/ros/ros2_ws/install/hippocampus_ros2_msgs/include/hippocampus_ros2_msgs/hippocampus_ros2_msgs/msg/detail/mission_goal__type_support.c
-- Up-to-date: /home/ros/ros2_ws/install/hippocampus_ros2_msgs/include/hippocampus_ros2_msgs/hippocampus_ros2_msgs/msg/detail/graph_node__type_support.c
-- Up-to-date: /home/ros/ros2_ws/install/hippocampus_ros2_msgs/include/hippocampus_ros2_msgs/hippocampus_ros2_msgs/msg/detail/policy_status__type_support.c
-- Up-to-date: /home/ros/ros2_ws/install/hippocampus_ros2_msgs/include/hippocampus_ros2_msgs/hippocampus_ros2_msgs/msg/detail/graph_edge__type_support.c
-- Up-to-date: /home/ros/ros2_ws/install/hippocampus_ros2_msgs/include/hippocampus_ros2_msgs/hippocampus_ros2_msgs/msg/rosidl_typesupport_introspection_c__visibility_control.h
-- Up-to-date: /home/ros/ros2_ws/install/hippocampus_ros2_msgs/lib/libhippocampus_ros2_msgs__rosidl_typesupport_introspection_c.so
-- Up-to-date: /home/ros/ros2_ws/install/hippocampus_ros2_msgs/lib/libhippocampus_ros2_msgs__rosidl_typesupport_c.so
-- Up-to-date: /home/ros/ros2_ws/install/hippocampus_ros2_msgs/include/hippocampus_ros2_msgs/hippocampus_ros2_msgs
-- Up-to-date: /home/ros/ros2_ws/install/hippocampus_ros2_msgs/include/hippocampus_ros2_msgs/hippocampus_ros2_msgs/msg
-- Up-to-date: /home/ros/ros2_ws/install/hippocampus_ros2_msgs/include/hippocampus_ros2_msgs/hippocampus_ros2_msgs/msg/detail
-- Up-to-date: /home/ros/ros2_ws/install/hippocampus_ros2_msgs/include/hippocampus_ros2_msgs/hippocampus_ros2_msgs/msg/detail/graph_snapshot__type_support.cpp
-- Up-to-date: /home/ros/ros2_ws/install/hippocampus_ros2_msgs/include/hippocampus_ros2_msgs/hippocampus_ros2_msgs/msg/detail/graph_snapshot__rosidl_typesupport_introspection_cpp.hpp
-- Up-to-date: /home/ros/ros2_ws/install/hippocampus_ros2_msgs/include/hippocampus_ros2_msgs/hippocampus_ros2_msgs/msg/detail/graph_node__rosidl_typesupport_introspection_cpp.hpp
-- Up-to-date: /home/ros/ros2_ws/install/hippocampus_ros2_msgs/include/hippocampus_ros2_msgs/hippocampus_ros2_msgs/msg/detail/graph_edge__rosidl_typesupport_introspection_cpp.hpp
-- Up-to-date: /home/ros/ros2_ws/install/hippocampus_ros2_msgs/include/hippocampus_ros2_msgs/hippocampus_ros2_msgs/msg/detail/policy_status__rosidl_typesupport_introspection_cpp.hpp
-- Up-to-date: /home/ros/ros2_ws/install/hippocampus_ros2_msgs/include/hippocampus_ros2_msgs/hippocampus_ros2_msgs/msg/detail/policy_decision__rosidl_typesupport_introspection_cpp.hpp
-- Up-to-date: /home/ros/ros2_ws/install/hippocampus_ros2_msgs/include/hippocampus_ros2_msgs/hippocampus_ros2_msgs/msg/detail/policy_status__type_support.cpp
-- Up-to-date: /home/ros/ros2_ws/install/hippocampus_ros2_msgs/include/hippocampus_ros2_msgs/hippocampus_ros2_msgs/msg/detail/graph_node__type_support.cpp
-- Up-to-date: /home/ros/ros2_ws/install/hippocampus_ros2_msgs/include/hippocampus_ros2_msgs/hippocampus_ros2_msgs/msg/detail/graph_edge__type_support.cpp
-- Up-to-date: /home/ros/ros2_ws/install/hippocampus_ros2_msgs/include/hippocampus_ros2_msgs/hippocampus_ros2_msgs/msg/detail/mission_goal__rosidl_typesupport_introspection_cpp.hpp
-- Up-to-date: /home/ros/ros2_ws/install/hippocampus_ros2_msgs/include/hippocampus_ros2_msgs/hippocampus_ros2_msgs/msg/detail/mission_goal__type_support.cpp
-- Up-to-date: /home/ros/ros2_ws/install/hippocampus_ros2_msgs/include/hippocampus_ros2_msgs/hippocampus_ros2_msgs/msg/detail/policy_decision__type_support.cpp
-- Up-to-date: /home/ros/ros2_ws/install/hippocampus_ros2_msgs/lib/libhippocampus_ros2_msgs__rosidl_typesupport_introspection_cpp.so
-- Up-to-date: /home/ros/ros2_ws/install/hippocampus_ros2_msgs/lib/libhippocampus_ros2_msgs__rosidl_typesupport_cpp.so
-- Up-to-date: /home/ros/ros2_ws/install/hippocampus_ros2_msgs/share/hippocampus_ros2_msgs/environment/pythonpath.sh
-- Up-to-date: /home/ros/ros2_ws/install/hippocampus_ros2_msgs/share/hippocampus_ros2_msgs/environment/pythonpath.dsv
-- Up-to-date: /home/ros/ros2_ws/install/hippocampus_ros2_msgs/local/lib/python3.10/dist-packages/hippocampus_ros2_msgs-0.1.0-py3.10.egg-info
-- Installing: /home/ros/ros2_ws/install/hippocampus_ros2_msgs/local/lib/python3.10/dist-packages/hippocampus_ros2_msgs-0.1.0-py3.10.egg-info/PKG-INFO
-- Installing: /home/ros/ros2_ws/install/hippocampus_ros2_msgs/local/lib/python3.10/dist-packages/hippocampus_ros2_msgs-0.1.0-py3.10.egg-info/SOURCES.txt
-- Installing: /home/ros/ros2_ws/install/hippocampus_ros2_msgs/local/lib/python3.10/dist-packages/hippocampus_ros2_msgs-0.1.0-py3.10.egg-info/top_level.txt
-- Installing: /home/ros/ros2_ws/install/hippocampus_ros2_msgs/local/lib/python3.10/dist-packages/hippocampus_ros2_msgs-0.1.0-py3.10.egg-info/dependency_links.txt
-- Up-to-date: /home/ros/ros2_ws/install/hippocampus_ros2_msgs/local/lib/python3.10/dist-packages/hippocampus_ros2_msgs
-- Up-to-date: /home/ros/ros2_ws/install/hippocampus_ros2_msgs/local/lib/python3.10/dist-packages/hippocampus_ros2_msgs/msg
-- Up-to-date: /home/ros/ros2_ws/install/hippocampus_ros2_msgs/local/lib/python3.10/dist-packages/hippocampus_ros2_msgs/msg/_mission_goal_s.c
-- Up-to-date: /home/ros/ros2_ws/install/hippocampus_ros2_msgs/local/lib/python3.10/dist-packages/hippocampus_ros2_msgs/msg/_policy_status_s.c
-- Up-to-date: /home/ros/ros2_ws/install/hippocampus_ros2_msgs/local/lib/python3.10/dist-packages/hippocampus_ros2_msgs/msg/_mission_goal.py
-- Up-to-date: /home/ros/ros2_ws/install/hippocampus_ros2_msgs/local/lib/python3.10/dist-packages/hippocampus_ros2_msgs/msg/_graph_snapshot_s.c
-- Up-to-date: /home/ros/ros2_ws/install/hippocampus_ros2_msgs/local/lib/python3.10/dist-packages/hippocampus_ros2_msgs/msg/_graph_snapshot.py
-- Up-to-date: /home/ros/ros2_ws/install/hippocampus_ros2_msgs/local/lib/python3.10/dist-packages/hippocampus_ros2_msgs/msg/_graph_node.py
-- Up-to-date: /home/ros/ros2_ws/install/hippocampus_ros2_msgs/local/lib/python3.10/dist-packages/hippocampus_ros2_msgs/msg/_graph_node_s.c
-- Up-to-date: /home/ros/ros2_ws/install/hippocampus_ros2_msgs/local/lib/python3.10/dist-packages/hippocampus_ros2_msgs/msg/_policy_decision_s.c
-- Up-to-date: /home/ros/ros2_ws/install/hippocampus_ros2_msgs/local/lib/python3.10/dist-packages/hippocampus_ros2_msgs/msg/__init__.py
-- Up-to-date: /home/ros/ros2_ws/install/hippocampus_ros2_msgs/local/lib/python3.10/dist-packages/hippocampus_ros2_msgs/msg/_policy_status.py
-- Up-to-date: /home/ros/ros2_ws/install/hippocampus_ros2_msgs/local/lib/python3.10/dist-packages/hippocampus_ros2_msgs/msg/_policy_decision.py
-- Up-to-date: /home/ros/ros2_ws/install/hippocampus_ros2_msgs/local/lib/python3.10/dist-packages/hippocampus_ros2_msgs/msg/_graph_edge.py
-- Up-to-date: /home/ros/ros2_ws/install/hippocampus_ros2_msgs/local/lib/python3.10/dist-packages/hippocampus_ros2_msgs/msg/_graph_edge_s.c
-- Up-to-date: /home/ros/ros2_ws/install/hippocampus_ros2_msgs/local/lib/python3.10/dist-packages/hippocampus_ros2_msgs/hippocampus_ros2_msgs_s__rosidl_typesupport_fastrtps_c.cpython-310-x86_64-linux-gnu.so
-- Up-to-date: /home/ros/ros2_ws/install/hippocampus_ros2_msgs/local/lib/python3.10/dist-packages/hippocampus_ros2_msgs/_hippocampus_ros2_msgs_s.ep.rosidl_typesupport_c.c
-- Up-to-date: /home/ros/ros2_ws/install/hippocampus_ros2_msgs/local/lib/python3.10/dist-packages/hippocampus_ros2_msgs/_hippocampus_ros2_msgs_s.ep.rosidl_typesupport_fastrtps_c.c
-- Up-to-date: /home/ros/ros2_ws/install/hippocampus_ros2_msgs/local/lib/python3.10/dist-packages/hippocampus_ros2_msgs/__init__.py
-- Up-to-date: /home/ros/ros2_ws/install/hippocampus_ros2_msgs/local/lib/python3.10/dist-packages/hippocampus_ros2_msgs/libhippocampus_ros2_msgs__rosidl_generator_py.so
-- Up-to-date: /home/ros/ros2_ws/install/hippocampus_ros2_msgs/local/lib/python3.10/dist-packages/hippocampus_ros2_msgs/hippocampus_ros2_msgs_s__rosidl_typesupport_introspection_c.cpython-310-x86_64-linux-gnu.so
-- Up-to-date: /home/ros/ros2_ws/install/hippocampus_ros2_msgs/local/lib/python3.10/dist-packages/hippocampus_ros2_msgs/_hippocampus_ros2_msgs_s.ep.rosidl_typesupport_introspection_c.c
-- Up-to-date: /home/ros/ros2_ws/install/hippocampus_ros2_msgs/local/lib/python3.10/dist-packages/hippocampus_ros2_msgs/hippocampus_ros2_msgs_s__rosidl_typesupport_c.cpython-310-x86_64-linux-gnu.so
Listing '/home/ros/ros2_ws/install/hippocampus_ros2_msgs/local/lib/python3.10/dist-packages/hippocampus_ros2_msgs'...
Listing '/home/ros/ros2_ws/install/hippocampus_ros2_msgs/local/lib/python3.10/dist-packages/hippocampus_ros2_msgs/msg'...
-- Up-to-date: /home/ros/ros2_ws/install/hippocampus_ros2_msgs/local/lib/python3.10/dist-packages/hippocampus_ros2_msgs/hippocampus_ros2_msgs_s__rosidl_typesupport_fastrtps_c.cpython-310-x86_64-linux-gnu.so
-- Up-to-date: /home/ros/ros2_ws/install/hippocampus_ros2_msgs/local/lib/python3.10/dist-packages/hippocampus_ros2_msgs/hippocampus_ros2_msgs_s__rosidl_typesupport_introspection_c.cpython-310-x86_64-linux-gnu.so
-- Up-to-date: /home/ros/ros2_ws/install/hippocampus_ros2_msgs/local/lib/python3.10/dist-packages/hippocampus_ros2_msgs/hippocampus_ros2_msgs_s__rosidl_typesupport_c.cpython-310-x86_64-linux-gnu.so
-- Up-to-date: /home/ros/ros2_ws/install/hippocampus_ros2_msgs/lib/libhippocampus_ros2_msgs__rosidl_generator_py.so
-- Up-to-date: /home/ros/ros2_ws/install/hippocampus_ros2_msgs/share/hippocampus_ros2_msgs/msg/PolicyDecision.idl
-- Up-to-date: /home/ros/ros2_ws/install/hippocampus_ros2_msgs/share/hippocampus_ros2_msgs/msg/PolicyStatus.idl
-- Up-to-date: /home/ros/ros2_ws/install/hippocampus_ros2_msgs/share/hippocampus_ros2_msgs/msg/MissionGoal.idl
-- Up-to-date: /home/ros/ros2_ws/install/hippocampus_ros2_msgs/share/hippocampus_ros2_msgs/msg/GraphNode.idl
-- Up-to-date: /home/ros/ros2_ws/install/hippocampus_ros2_msgs/share/hippocampus_ros2_msgs/msg/GraphEdge.idl
-- Up-to-date: /home/ros/ros2_ws/install/hippocampus_ros2_msgs/share/hippocampus_ros2_msgs/msg/GraphSnapshot.idl
-- Up-to-date: /home/ros/ros2_ws/install/hippocampus_ros2_msgs/share/hippocampus_ros2_msgs/msg/PolicyDecision.msg
-- Up-to-date: /home/ros/ros2_ws/install/hippocampus_ros2_msgs/share/hippocampus_ros2_msgs/msg/PolicyStatus.msg
-- Up-to-date: /home/ros/ros2_ws/install/hippocampus_ros2_msgs/share/hippocampus_ros2_msgs/msg/MissionGoal.msg
-- Up-to-date: /home/ros/ros2_ws/install/hippocampus_ros2_msgs/share/hippocampus_ros2_msgs/msg/GraphNode.msg
-- Up-to-date: /home/ros/ros2_ws/install/hippocampus_ros2_msgs/share/hippocampus_ros2_msgs/msg/GraphEdge.msg
-- Up-to-date: /home/ros/ros2_ws/install/hippocampus_ros2_msgs/share/hippocampus_ros2_msgs/msg/GraphSnapshot.msg
-- Up-to-date: /home/ros/ros2_ws/install/hippocampus_ros2_msgs/share/ament_index/resource_index/package_run_dependencies/hippocampus_ros2_msgs
-- Up-to-date: /home/ros/ros2_ws/install/hippocampus_ros2_msgs/share/ament_index/resource_index/parent_prefix_path/hippocampus_ros2_msgs
-- Up-to-date: /home/ros/ros2_ws/install/hippocampus_ros2_msgs/share/hippocampus_ros2_msgs/environment/ament_prefix_path.sh
-- Up-to-date: /home/ros/ros2_ws/install/hippocampus_ros2_msgs/share/hippocampus_ros2_msgs/environment/ament_prefix_path.dsv
-- Up-to-date: /home/ros/ros2_ws/install/hippocampus_ros2_msgs/share/hippocampus_ros2_msgs/environment/path.sh
-- Up-to-date: /home/ros/ros2_ws/install/hippocampus_ros2_msgs/share/hippocampus_ros2_msgs/environment/path.dsv
-- Up-to-date: /home/ros/ros2_ws/install/hippocampus_ros2_msgs/share/hippocampus_ros2_msgs/local_setup.bash
-- Up-to-date: /home/ros/ros2_ws/install/hippocampus_ros2_msgs/share/hippocampus_ros2_msgs/local_setup.sh
-- Up-to-date: /home/ros/ros2_ws/install/hippocampus_ros2_msgs/share/hippocampus_ros2_msgs/local_setup.zsh
-- Up-to-date: /home/ros/ros2_ws/install/hippocampus_ros2_msgs/share/hippocampus_ros2_msgs/local_setup.dsv
-- Installing: /home/ros/ros2_ws/install/hippocampus_ros2_msgs/share/hippocampus_ros2_msgs/package.dsv
-- Up-to-date: /home/ros/ros2_ws/install/hippocampus_ros2_msgs/share/ament_index/resource_index/packages/hippocampus_ros2_msgs
-- Up-to-date: /home/ros/ros2_ws/install/hippocampus_ros2_msgs/share/hippocampus_ros2_msgs/cmake/export_hippocampus_ros2_msgs__rosidl_generator_cExport.cmake
-- Up-to-date: /home/ros/ros2_ws/install/hippocampus_ros2_msgs/share/hippocampus_ros2_msgs/cmake/export_hippocampus_ros2_msgs__rosidl_generator_cExport-noconfig.cmake
-- Up-to-date: /home/ros/ros2_ws/install/hippocampus_ros2_msgs/share/hippocampus_ros2_msgs/cmake/export_hippocampus_ros2_msgs__rosidl_typesupport_fastrtps_cExport.cmake
-- Up-to-date: /home/ros/ros2_ws/install/hippocampus_ros2_msgs/share/hippocampus_ros2_msgs/cmake/export_hippocampus_ros2_msgs__rosidl_typesupport_fastrtps_cExport-noconfig.cmake
-- Up-to-date: /home/ros/ros2_ws/install/hippocampus_ros2_msgs/share/hippocampus_ros2_msgs/cmake/export_hippocampus_ros2_msgs__rosidl_generator_cppExport.cmake
-- Up-to-date: /home/ros/ros2_ws/install/hippocampus_ros2_msgs/share/hippocampus_ros2_msgs/cmake/export_hippocampus_ros2_msgs__rosidl_typesupport_fastrtps_cppExport.cmake
-- Up-to-date: /home/ros/ros2_ws/install/hippocampus_ros2_msgs/share/hippocampus_ros2_msgs/cmake/export_hippocampus_ros2_msgs__rosidl_typesupport_fastrtps_cppExport-noconfig.cmake
-- Up-to-date: /home/ros/ros2_ws/install/hippocampus_ros2_msgs/share/hippocampus_ros2_msgs/cmake/hippocampus_ros2_msgs__rosidl_typesupport_introspection_cExport.cmake
-- Up-to-date: /home/ros/ros2_ws/install/hippocampus_ros2_msgs/share/hippocampus_ros2_msgs/cmake/hippocampus_ros2_msgs__rosidl_typesupport_introspection_cExport-noconfig.cmake
-- Up-to-date: /home/ros/ros2_ws/install/hippocampus_ros2_msgs/share/hippocampus_ros2_msgs/cmake/hippocampus_ros2_msgs__rosidl_typesupport_cExport.cmake
-- Up-to-date: /home/ros/ros2_ws/install/hippocampus_ros2_msgs/share/hippocampus_ros2_msgs/cmake/hippocampus_ros2_msgs__rosidl_typesupport_cExport-noconfig.cmake
-- Up-to-date: /home/ros/ros2_ws/install/hippocampus_ros2_msgs/share/hippocampus_ros2_msgs/cmake/hippocampus_ros2_msgs__rosidl_typesupport_introspection_cppExport.cmake
-- Up-to-date: /home/ros/ros2_ws/install/hippocampus_ros2_msgs/share/hippocampus_ros2_msgs/cmake/hippocampus_ros2_msgs__rosidl_typesupport_introspection_cppExport-noconfig.cmake
-- Up-to-date: /home/ros/ros2_ws/install/hippocampus_ros2_msgs/share/hippocampus_ros2_msgs/cmake/hippocampus_ros2_msgs__rosidl_typesupport_cppExport.cmake
-- Up-to-date: /home/ros/ros2_ws/install/hippocampus_ros2_msgs/share/hippocampus_ros2_msgs/cmake/hippocampus_ros2_msgs__rosidl_typesupport_cppExport-noconfig.cmake
-- Up-to-date: /home/ros/ros2_ws/install/hippocampus_ros2_msgs/share/hippocampus_ros2_msgs/cmake/export_hippocampus_ros2_msgs__rosidl_generator_pyExport.cmake
-- Up-to-date: /home/ros/ros2_ws/install/hippocampus_ros2_msgs/share/hippocampus_ros2_msgs/cmake/export_hippocampus_ros2_msgs__rosidl_generator_pyExport-noconfig.cmake
-- Up-to-date: /home/ros/ros2_ws/install/hippocampus_ros2_msgs/share/hippocampus_ros2_msgs/cmake/rosidl_cmake-extras.cmake
-- Up-to-date: /home/ros/ros2_ws/install/hippocampus_ros2_msgs/share/hippocampus_ros2_msgs/cmake/ament_cmake_export_dependencies-extras.cmake
-- Up-to-date: /home/ros/ros2_ws/install/hippocampus_ros2_msgs/share/hippocampus_ros2_msgs/cmake/ament_cmake_export_include_directories-extras.cmake
-- Up-to-date: /home/ros/ros2_ws/install/hippocampus_ros2_msgs/share/hippocampus_ros2_msgs/cmake/ament_cmake_export_libraries-extras.cmake
-- Up-to-date: /home/ros/ros2_ws/install/hippocampus_ros2_msgs/share/hippocampus_ros2_msgs/cmake/ament_cmake_export_targets-extras.cmake
-- Up-to-date: /home/ros/ros2_ws/install/hippocampus_ros2_msgs/share/hippocampus_ros2_msgs/cmake/rosidl_cmake_export_typesupport_targets-extras.cmake
-- Up-to-date: /home/ros/ros2_ws/install/hippocampus_ros2_msgs/share/hippocampus_ros2_msgs/cmake/rosidl_cmake_export_typesupport_libraries-extras.cmake
-- Up-to-date: /home/ros/ros2_ws/install/hippocampus_ros2_msgs/share/hippocampus_ros2_msgs/cmake/hippocampus_ros2_msgsConfig.cmake
-- Up-to-date: /home/ros/ros2_ws/install/hippocampus_ros2_msgs/share/hippocampus_ros2_msgs/cmake/hippocampus_ros2_msgsConfig-version.cmake
-- Up-to-date: /home/ros/ros2_ws/install/hippocampus_ros2_msgs/share/hippocampus_ros2_msgs/package.xml
