======================================================================
Hoffman et al. (2016) Topological Mapping Validation
======================================================================

Integration windows: [0.0, 120.0, 240.0] seconds
Simulation duration: 600.0 seconds (10.0 minutes)
Number of place cells: 85
Place-field sigma: 0.12
Coactivity threshold: 6.5
Max edge distance: 0.140
Obstacle environment: Yes
  Number of obstacles: 1
  Layout: random
  Obstacle radius: 0.15
  Expected b₁: 1 (one hole per obstacle)
Placement mode: ring_spokes
  Ring fraction: 0.25, spokes: 0.25 (num-spokes=6), ring offset: 0.020, ring jitter: 0.010, spoke ext: 0.150, spoke jitter: 0.010
Trajectory mode: random

  Running with ϖ=Nones... done
  Running with ϖ=120.0s... done
  Running with ϖ=240.0s... done

======================================================================
Summary Statistics
======================================================================

   ϖ (s) |  Final Edges |   Final b₀ |   Final b₁ |  T_min (min)
----------------------------------------------------------------------
    None |          297 |          7 |          0 |         0.50
     120 |          297 |          7 |          0 |         2.50
     240 |          297 |          7 |          0 |         4.50

======================================================================
Generating plots...
======================================================================

Saved figure to: results/sweeps/20251120-203938_systematic_sweep_2/figure.png

======================================================================
Validation complete!
======================================================================

Key findings from paper:
  1. Longer integration windows (ϖ) should reduce spurious loops (b₁)
  2. Integration windows should reduce fragmentation (b₀ → 1 faster)
  3. Learning time T_min may increase slightly with ϖ, but maps are more stable

