/home/ros/ros2_ws/install/hippocampus_ros2/lib/python3.10/site-packages/hippocampus_ros2/__init__.py
/home/ros/ros2_ws/install/hippocampus_ros2/lib/python3.10/site-packages/hippocampus_ros2/__pycache__/__init__.cpython-310.pyc
/home/ros/ros2_ws/install/hippocampus_ros2/share/ament_index/resource_index/packages/hippocampus_ros2
/home/ros/ros2_ws/install/hippocampus_ros2/share/hippocampus_ros2/package.xml
/home/ros/ros2_ws/install/hippocampus_ros2/share/hippocampus_ros2/launch/tracing.launch.py
/home/ros/ros2_ws/install/hippocampus_ros2/share/hippocampus_ros2/launch/brain.launch.py
/home/ros/ros2_ws/install/hippocampus_ros2/share/hippocampus_ros2/launch/policy.launch.py
/home/ros/ros2_ws/install/hippocampus_ros2/share/hippocampus_ros2/launch/mission_publisher.launch.py
/home/ros/ros2_ws/install/hippocampus_ros2/share/hippocampus_ros2/config/brain.yaml
/home/ros/ros2_ws/install/hippocampus_ros2/share/hippocampus_ros2/config/policy.yaml
/home/ros/ros2_ws/install/hippocampus_ros2/share/hippocampus_ros2/scripts/replay_odom.sh
/home/ros/ros2_ws/install/hippocampus_ros2/share/hippocampus_ros2/scripts/record_brain_topics.sh
/home/ros/ros2_ws/install/hippocampus_ros2/share/hippocampus_ros2/system_tests/launch/brain_system_smoke.launch.py
/home/ros/ros2_ws/install/hippocampus_ros2/share/hippocampus_ros2/system_tests/worlds/minimal.world
/home/ros/ros2_ws/install/hippocampus_ros2/share/hippocampus_ros2/system_tests/scripts/pose_publisher.py
/home/ros/ros2_ws/install/hippocampus_ros2/share/hippocampus_ros2/system_tests/scripts/assert_topics.py
/home/ros/ros2_ws/install/hippocampus_ros2/share/hippocampus_ros2/system_tests/README.md
/home/ros/ros2_ws/install/hippocampus_ros2/lib/python3.10/site-packages/hippocampus_ros2-0.1.0-py3.10.egg-info/PKG-INFO
/home/ros/ros2_ws/install/hippocampus_ros2/lib/python3.10/site-packages/hippocampus_ros2-0.1.0-py3.10.egg-info/zip-safe
/home/ros/ros2_ws/install/hippocampus_ros2/lib/python3.10/site-packages/hippocampus_ros2-0.1.0-py3.10.egg-info/SOURCES.txt
/home/ros/ros2_ws/install/hippocampus_ros2/lib/python3.10/site-packages/hippocampus_ros2-0.1.0-py3.10.egg-info/entry_points.txt
/home/ros/ros2_ws/install/hippocampus_ros2/lib/python3.10/site-packages/hippocampus_ros2-0.1.0-py3.10.egg-info/requires.txt
/home/ros/ros2_ws/install/hippocampus_ros2/lib/python3.10/site-packages/hippocampus_ros2-0.1.0-py3.10.egg-info/top_level.txt
/home/ros/ros2_ws/install/hippocampus_ros2/lib/python3.10/site-packages/hippocampus_ros2-0.1.0-py3.10.egg-info/dependency_links.txt
/home/ros/ros2_ws/install/hippocampus_ros2/lib/hippocampus_ros2/mission_publisher
/home/ros/ros2_ws/install/hippocampus_ros2/lib/hippocampus_ros2/policy_node
/home/ros/ros2_ws/install/hippocampus_ros2/lib/hippocampus_ros2/snn_brain_node
