======================================================================
Hoffman et al. (2016) Topological Mapping Validation
======================================================================

Integration windows: [0.0, 150.0, 300.0] seconds
Simulation duration: 600.0 seconds (10.0 minutes)
Number of place cells: 87
Place-field sigma: 0.1175
Coactivity threshold: 6.25
Max edge distance: 0.128
Obstacle environment: Yes
  Number of obstacles: 1
  Layout: random
  Obstacle radius: 0.15
  Expected b₁: 1 (one hole per obstacle)
Placement mode: obstacle_ring
  Ring fraction: 0.33, offset: 0.022, jitter: 0.010
Trajectory mode: random

  Running with ϖ=Nones... done
  Running with ϖ=150.0s... done
  Running with ϖ=300.0s... done

======================================================================
Summary Statistics
======================================================================

   ϖ (s) |  Final Edges |   Final b₀ |   Final b₁ |  T_min (min)
----------------------------------------------------------------------
    None |          214 |         12 |          0 |         0.50
     150 |          214 |         12 |          0 |         3.00
     300 |          214 |         12 |          0 |         5.50

======================================================================
Generating plots...
======================================================================

Saved figure to: results/sweeps/20251120-204658_fine_tune_v1/figure.png

======================================================================
Validation complete!
======================================================================

Key findings from paper:
  1. Longer integration windows (ϖ) should reduce spurious loops (b₁)
  2. Integration windows should reduce fragmentation (b₀ → 1 faster)
  3. Learning time T_min may increase slightly with ϖ, but maps are more stable

