======================================================================
Hoffman et al. (2016) Topological Mapping Validation
======================================================================

Integration windows: [0.0, 120.0, 240.0] seconds
Simulation duration: 600.0 seconds (10.0 minutes)
Number of place cells: 80
Place-field sigma: 0.14
Coactivity threshold: 4.5
Max edge distance: 0.189
Obstacle environment: Yes
  Obstacle radius: 0.15
  Expected b₁: 1 (hole around obstacle)
Placement mode: ring_spokes
  Ring fraction: 0.25, spokes: 0.25 (num-spokes=5), ring offset: 0.035, ring jitter: 0.006, spoke ext: 0.150, spoke jitter: 0.012

  Running with ϖ=Nones... done
  Running with ϖ=120.0s... done
  Running with ϖ=240.0s... done

======================================================================
Summary Statistics
======================================================================

   ϖ (s) |  Final Edges |   Final b₀ |   Final b₁ |  T_min (min)
----------------------------------------------------------------------
    None |          414 |          3 |          0 |         0.50
     120 |          414 |          3 |          0 |         2.50
     240 |          414 |          3 |          0 |         4.50

======================================================================
Generating plots...
======================================================================

Saved figure to: results/sweeps/20251119-141649_ring_spokes_v3/figure.png

======================================================================
Running default integration-window sweep (0 60 120 240 480)
======================================================================
  Running with ϖ=Nones... done
  Running with ϖ=60s... done
  Running with ϖ=120s... done
  Running with ϖ=240s... done
  Running with ϖ=480s... done

Saved figure to: results/validate_ring_spokes_v3.png

======================================================================
Validation complete!
======================================================================

Key findings from paper:
  1. Longer integration windows (ϖ) should reduce spurious loops (b₁)
  2. Integration windows should reduce fragmentation (b₀ → 1 faster)
  3. Learning time T_min may increase slightly with ϖ, but maps are more stable

