======================================================================
Hoffman et al. (2016) Topological Mapping Validation
======================================================================

Integration windows: [0.0, 360.0, 720.0, 1080.0] seconds
Simulation duration: 1500.0 seconds (25.0 minutes)
Number of place cells: 88
Place-field sigma: 0.119
Coactivity threshold: 6.15
Max edge distance: 0.127
Obstacle environment: Yes
  Number of obstacles: 1
  Layout: random
  Obstacle radius: 0.16
  Expected b₁: 1 (one hole per obstacle)
Placement mode: ring_spokes
  Ring fraction: 0.28, spokes: 0.32 (num-spokes=6), ring offset: 0.023, ring jitter: 0.010, spoke ext: 0.144, spoke jitter: 0.010
Trajectory mode: orbit_then_random
  Orbit duration: 360.0s, radius: 0.176, speed: 0.470

  Running with ϖ=Nones... done
  Running with ϖ=360.0s... done
  Running with ϖ=720.0s... done
  Running with ϖ=1080.0s... done

======================================================================
Summary Statistics
======================================================================

   ϖ (s) |  Final Edges |   Final b₀ |   Final b₁ |  T_min (min)
----------------------------------------------------------------------
    None |          322 |          6 |          0 |         1.25
     360 |          322 |          6 |          0 |         6.25
     720 |          322 |          6 |          0 |        12.50
    1080 |          322 |          6 |          0 |        18.75

======================================================================
Generating plots...
======================================================================

Saved figure to: results/sweeps/20251120-211339_promising_range_2/figure.png

======================================================================
Validation complete!
======================================================================

Key findings from paper:
  1. Longer integration windows (ϖ) should reduce spurious loops (b₁)
  2. Integration windows should reduce fragmentation (b₀ → 1 faster)
  3. Learning time T_min may increase slightly with ϖ, but maps are more stable

