======================================================================
Hoffman et al. (2016) Topological Mapping Validation
======================================================================

Integration windows: [0.0, 500.0, 1000.0, 1500.0] seconds
Simulation duration: 2000.0 seconds (33.3 minutes)
Number of place cells: 87
Place-field sigma: 0.118
Coactivity threshold: 6.2
Max edge distance: 0.126
Obstacle environment: Yes
  Number of obstacles: 1
  Layout: random
  Obstacle radius: 0.16
  Expected b₁: 1 (one hole per obstacle)
Placement mode: ring_spokes
  Ring fraction: 0.29, spokes: 0.31 (num-spokes=6), ring offset: 0.023, ring jitter: 0.010, spoke ext: 0.143, spoke jitter: 0.010
Trajectory mode: orbit_then_random
  Orbit duration: 400.0s, radius: 0.176, speed: 0.470

  Running with ϖ=Nones... done
  Running with ϖ=500.0s... done
  Running with ϖ=1000.0s... done
  Running with ϖ=1500.0s... done

======================================================================
Summary Statistics
======================================================================

   ϖ (s) |  Final Edges |   Final b₀ |   Final b₁ |  T_min (min)
----------------------------------------------------------------------
    None |          309 |          6 |          0 |         1.67
     500 |          309 |          6 |          0 |        10.00
    1000 |          309 |          6 |          0 |        18.33
    1500 |          309 |          6 |          0 |        26.67

======================================================================
Generating plots...
======================================================================

Saved figure to: results/sweeps/20251120-212102_exhaustive_1/figure.png

======================================================================
Validation complete!
======================================================================

Key findings from paper:
  1. Longer integration windows (ϖ) should reduce spurious loops (b₁)
  2. Integration windows should reduce fragmentation (b₀ → 1 faster)
  3. Learning time T_min may increase slightly with ϖ, but maps are more stable

