======================================================================
Hoffman et al. (2016) Topological Mapping Validation
======================================================================

Integration windows: [0.0, 500.0, 1000.0, 1500.0] seconds
Simulation duration: 2000.0 seconds (33.3 minutes)
Number of place cells: 85
Place-field sigma: 0.115
Coactivity threshold: 6.0
Max edge distance: 0.130
Obstacle environment: Yes
  Number of obstacles: 1
  Layout: random
  Obstacle radius: 0.15
  Expected b₁: 1 (one hole per obstacle)
Placement mode: ring_spokes
  Ring fraction: 0.30, spokes: 0.30 (num-spokes=6), ring offset: 0.022, ring jitter: 0.010, spoke ext: 0.140, spoke jitter: 0.010
Trajectory mode: random

  Running with ϖ=Nones... done
  Running with ϖ=500.0s... done
  Running with ϖ=1000.0s... done
  Running with ϖ=1500.0s... done

======================================================================
Summary Statistics
======================================================================

   ϖ (s) |  Final Edges |   Final b₀ |   Final b₁ |  T_min (min)
----------------------------------------------------------------------
    None |          327 |         10 |          0 |         1.67
     500 |          327 |         10 |          0 |        10.00
    1000 |          327 |         10 |          0 |        18.33
    1500 |          327 |         10 |          0 |        26.67

======================================================================
Generating plots...
======================================================================

Saved figure to: results/sweeps/20251120-212031_marathon_2/figure.png

======================================================================
Validation complete!
======================================================================

Key findings from paper:
  1. Longer integration windows (ϖ) should reduce spurious loops (b₁)
  2. Integration windows should reduce fragmentation (b₀ → 1 faster)
  3. Learning time T_min may increase slightly with ϖ, but maps are more stable

