======================================================================
Hoffman et al. (2016) Topological Mapping Validation
======================================================================

Integration windows: [0.0, 150.0, 300.0, 450.0] seconds
Simulation duration: 750.0 seconds (12.5 minutes)
Number of place cells: 88
Place-field sigma: 0.118
Coactivity threshold: 6.5
Max edge distance: 0.125
Obstacle environment: Yes
  Number of obstacles: 1
  Layout: random
  Obstacle radius: 0.15
  Expected b₁: 1 (one hole per obstacle)
Placement mode: ring_spokes
  Ring fraction: 0.30, spokes: 0.30 (num-spokes=7), ring offset: 0.022, ring jitter: 0.010, spoke ext: 0.130, spoke jitter: 0.010
Trajectory mode: random

  Running with ϖ=Nones... done
  Running with ϖ=150.0s... done
  Running with ϖ=300.0s... done
  Running with ϖ=450.0s... done

======================================================================
Summary Statistics
======================================================================

   ϖ (s) |  Final Edges |   Final b₀ |   Final b₁ |  T_min (min)
----------------------------------------------------------------------
    None |          332 |         10 |          0 |         0.63
     150 |          332 |         10 |          0 |         3.13
     300 |          332 |         10 |          0 |         5.63
     450 |          332 |         10 |          0 |         8.13

======================================================================
Generating plots...
======================================================================

Saved figure to: results/sweeps/20251120-204729_dual_strategy_v1/figure.png

======================================================================
Validation complete!
======================================================================

Key findings from paper:
  1. Longer integration windows (ϖ) should reduce spurious loops (b₁)
  2. Integration windows should reduce fragmentation (b₀ → 1 faster)
  3. Learning time T_min may increase slightly with ϖ, but maps are more stable

